21/10/2016 15:13:10 (Std) 	+-+-+-+-+-+-+-+-+-+-+-+-+-+-+-+-+-+-+-+-+-+-+-+-+-+-+-+-+-+-+-+-+-+-+-+-+-+-+-+
21/10/2016 15:13:10 (Std) 	+                     Crazy Eddie's GUI System - Event log                    +
21/10/2016 15:13:10 (Std) 	+                          (http://www.cegui.org.uk/)                         +
21/10/2016 15:13:10 (Std) 	+-+-+-+-+-+-+-+-+-+-+-+-+-+-+-+-+-+-+-+-+-+-+-+-+-+-+-+-+-+-+-+-+-+-+-+-+-+-+-+

21/10/2016 15:13:10 (Std) 	CEGUI::Logger singleton created. (0x17854b0)
21/10/2016 15:13:10 (Std) 	
21/10/2016 15:13:10 (Std) 	********************************************************************************
21/10/2016 15:13:10 (Std) 	* Important:                                                                   *
21/10/2016 15:13:10 (Std) 	*     To get support at the CEGUI forums, you must post _at least_ the section *
21/10/2016 15:13:10 (Std) 	*     of this log file indicated below.  Failure to do this will result in no  *
21/10/2016 15:13:10 (Std) 	*     support being given; please do not waste our time.                       *
21/10/2016 15:13:10 (Std) 	********************************************************************************
21/10/2016 15:13:10 (Std) 	********************************************************************************
21/10/2016 15:13:10 (Std) 	* -------- START OF ESSENTIAL SECTION TO BE POSTED ON THE FORUM       -------- *
21/10/2016 15:13:10 (Std) 	********************************************************************************
21/10/2016 15:13:10 (Std) 	---- Version: 0.8.4 (Build: Mar  2 2015 GNU/Linux g++ 4.8.2 64 bit) ----
21/10/2016 15:13:10 (Std) 	---- Renderer module is: CEGUI::OgreRenderer - Official OGRE based 2nd generation renderer module. ----
21/10/2016 15:13:10 (Std) 	---- XML Parser module is: CEGUI::ExpatParser - Official expat based parser module for CEGUI ----
21/10/2016 15:13:10 (Std) 	---- Image Codec module is: OgreImageCodec - Integrated ImageCodec using the Ogre engine. ----
21/10/2016 15:13:10 (Std) 	---- Scripting module is: None ----
21/10/2016 15:13:10 (Std) 	********************************************************************************
21/10/2016 15:13:10 (Std) 	* -------- END OF ESSENTIAL SECTION TO BE POSTED ON THE FORUM         -------- *
21/10/2016 15:13:10 (Std) 	********************************************************************************
21/10/2016 15:13:10 (Std) 	
21/10/2016 15:13:10 (Std) 	---- Begining CEGUI System initialisation ----
21/10/2016 15:13:10 (Std) 	[CEGUI::ImageManager] Singleton created (0x1798030)
21/10/2016 15:13:10 (Std) 	[CEGUI::ImageManager] Registered Image type: BasicImage
21/10/2016 15:13:10 (Std) 	CEGUI::FontManager singleton created. (0x1795790)
21/10/2016 15:13:10 (Std) 	CEGUI::WindowFactoryManager singleton created
21/10/2016 15:13:10 (Std) 	CEGUI::WindowManager singleton created (0x17958c0)
21/10/2016 15:13:10 (Std) 	CEGUI::SchemeManager singleton created. (0x1795950)
21/10/2016 15:13:10 (Std) 	CEGUI::GlobalEventSet singleton created. (0x14756d0)
21/10/2016 15:13:10 (Std) 	CEGUI::AnimationManager singleton created (0x1795a80)
21/10/2016 15:13:10 (Std) 	CEGUI::WidgetLookManager singleton created. (0x1372be0)
21/10/2016 15:13:10 (Std) 	CEGUI::WindowRendererManager singleton created (0x1372c60)
21/10/2016 15:13:10 (Std) 	CEGUI::RenderEffectManager singleton created (0x1795c20)
21/10/2016 15:13:10 (Std) 	Created WindowFactory for 'DefaultWindow' windows.
21/10/2016 15:13:10 (Std) 	WindowFactory for 'DefaultWindow' windows added. (0x179aa90)
21/10/2016 15:13:10 (Std) 	Created WindowFactory for 'DragContainer' windows.
21/10/2016 15:13:10 (Std) 	WindowFactory for 'DragContainer' windows added. (0x179ac30)
21/10/2016 15:13:10 (Std) 	Created WindowFactory for 'ScrolledContainer' windows.
21/10/2016 15:13:10 (Std) 	WindowFactory for 'ScrolledContainer' windows added. (0x179add0)
21/10/2016 15:13:10 (Std) 	Created WindowFactory for 'ClippedContainer' windows.
21/10/2016 15:13:10 (Std) 	WindowFactory for 'ClippedContainer' windows added. (0x179af70)
21/10/2016 15:13:10 (Std) 	Created WindowFactory for 'CEGUI/PushButton' windows.
21/10/2016 15:13:10 (Std) 	WindowFactory for 'CEGUI/PushButton' windows added. (0x179b110)
21/10/2016 15:13:10 (Std) 	Created WindowFactory for 'CEGUI/RadioButton' windows.
21/10/2016 15:13:10 (Std) 	WindowFactory for 'CEGUI/RadioButton' windows added. (0x179b2b0)
21/10/2016 15:13:10 (Std) 	Created WindowFactory for 'CEGUI/Combobox' windows.
21/10/2016 15:13:10 (Std) 	WindowFactory for 'CEGUI/Combobox' windows added. (0x179b450)
21/10/2016 15:13:10 (Std) 	Created WindowFactory for 'CEGUI/ComboDropList' windows.
21/10/2016 15:13:10 (Std) 	WindowFactory for 'CEGUI/ComboDropList' windows added. (0x179b5f0)
21/10/2016 15:13:10 (Std) 	Created WindowFactory for 'CEGUI/Editbox' windows.
21/10/2016 15:13:10 (Std) 	WindowFactory for 'CEGUI/Editbox' windows added. (0x179b790)
21/10/2016 15:13:10 (Std) 	Created WindowFactory for 'CEGUI/FrameWindow' windows.
21/10/2016 15:13:10 (Std) 	WindowFactory for 'CEGUI/FrameWindow' windows added. (0x179b930)
21/10/2016 15:13:10 (Std) 	Created WindowFactory for 'CEGUI/ItemEntry' windows.
21/10/2016 15:13:10 (Std) 	WindowFactory for 'CEGUI/ItemEntry' windows added. (0x179bad0)
21/10/2016 15:13:10 (Std) 	Created WindowFactory for 'CEGUI/Listbox' windows.
21/10/2016 15:13:10 (Std) 	WindowFactory for 'CEGUI/Listbox' windows added. (0x179bc70)
21/10/2016 15:13:10 (Std) 	Created WindowFactory for 'CEGUI/ListHeader' windows.
21/10/2016 15:13:10 (Std) 	WindowFactory for 'CEGUI/ListHeader' windows added. (0x179be10)
21/10/2016 15:13:10 (Std) 	Created WindowFactory for 'CEGUI/ListHeaderSegment' windows.
21/10/2016 15:13:10 (Std) 	WindowFactory for 'CEGUI/ListHeaderSegment' windows added. (0x179bfb0)
21/10/2016 15:13:10 (Std) 	Created WindowFactory for 'CEGUI/Menubar' windows.
21/10/2016 15:13:10 (Std) 	WindowFactory for 'CEGUI/Menubar' windows added. (0x179c150)
21/10/2016 15:13:10 (Std) 	Created WindowFactory for 'CEGUI/PopupMenu' windows.
21/10/2016 15:13:10 (Std) 	WindowFactory for 'CEGUI/PopupMenu' windows added. (0x179c2f0)
21/10/2016 15:13:10 (Std) 	Created WindowFactory for 'CEGUI/MenuItem' windows.
21/10/2016 15:13:10 (Std) 	WindowFactory for 'CEGUI/MenuItem' windows added. (0x179c490)
21/10/2016 15:13:10 (Std) 	Created WindowFactory for 'CEGUI/MultiColumnList' windows.
21/10/2016 15:13:10 (Std) 	WindowFactory for 'CEGUI/MultiColumnList' windows added. (0x179c740)
21/10/2016 15:13:10 (Std) 	Created WindowFactory for 'CEGUI/MultiLineEditbox' windows.
21/10/2016 15:13:10 (Std) 	WindowFactory for 'CEGUI/MultiLineEditbox' windows added. (0x179c8e0)
21/10/2016 15:13:10 (Std) 	Created WindowFactory for 'CEGUI/ProgressBar' windows.
21/10/2016 15:13:10 (Std) 	WindowFactory for 'CEGUI/ProgressBar' windows added. (0x179ca80)
21/10/2016 15:13:10 (Std) 	Created WindowFactory for 'CEGUI/ScrollablePane' windows.
21/10/2016 15:13:10 (Std) 	WindowFactory for 'CEGUI/ScrollablePane' windows added. (0x179cc20)
21/10/2016 15:13:10 (Std) 	Created WindowFactory for 'CEGUI/Scrollbar' windows.
21/10/2016 15:13:10 (Std) 	WindowFactory for 'CEGUI/Scrollbar' windows added. (0x179cdc0)
21/10/2016 15:13:10 (Std) 	Created WindowFactory for 'CEGUI/Slider' windows.
21/10/2016 15:13:10 (Std) 	WindowFactory for 'CEGUI/Slider' windows added. (0x179cf60)
21/10/2016 15:13:10 (Std) 	Created WindowFactory for 'CEGUI/Spinner' windows.
21/10/2016 15:13:10 (Std) 	WindowFactory for 'CEGUI/Spinner' windows added. (0x179d100)
21/10/2016 15:13:10 (Std) 	Created WindowFactory for 'CEGUI/TabButton' windows.
21/10/2016 15:13:10 (Std) 	WindowFactory for 'CEGUI/TabButton' windows added. (0x179d2a0)
21/10/2016 15:13:10 (Std) 	Created WindowFactory for 'CEGUI/TabControl' windows.
21/10/2016 15:13:10 (Std) 	WindowFactory for 'CEGUI/TabControl' windows added. (0x179d440)
21/10/2016 15:13:10 (Std) 	Created WindowFactory for 'CEGUI/Thumb' windows.
21/10/2016 15:13:10 (Std) 	WindowFactory for 'CEGUI/Thumb' windows added. (0x179d5e0)
21/10/2016 15:13:10 (Std) 	Created WindowFactory for 'CEGUI/Titlebar' windows.
21/10/2016 15:13:10 (Std) 	WindowFactory for 'CEGUI/Titlebar' windows added. (0x179d780)
21/10/2016 15:13:10 (Std) 	Created WindowFactory for 'CEGUI/ToggleButton' windows.
21/10/2016 15:13:10 (Std) 	WindowFactory for 'CEGUI/ToggleButton' windows added. (0x179d920)
21/10/2016 15:13:10 (Std) 	Created WindowFactory for 'CEGUI/Tooltip' windows.
21/10/2016 15:13:10 (Std) 	WindowFactory for 'CEGUI/Tooltip' windows added. (0x179dac0)
21/10/2016 15:13:10 (Std) 	Created WindowFactory for 'CEGUI/ItemListbox' windows.
21/10/2016 15:13:10 (Std) 	WindowFactory for 'CEGUI/ItemListbox' windows added. (0x179dc60)
21/10/2016 15:13:10 (Std) 	Created WindowFactory for 'CEGUI/GroupBox' windows.
21/10/2016 15:13:10 (Std) 	WindowFactory for 'CEGUI/GroupBox' windows added. (0x179de00)
21/10/2016 15:13:10 (Std) 	Created WindowFactory for 'CEGUI/Tree' windows.
21/10/2016 15:13:10 (Std) 	WindowFactory for 'CEGUI/Tree' windows added. (0x179dfa0)
21/10/2016 15:13:10 (Std) 	Created WindowFactory for 'LayoutCell' windows.
21/10/2016 15:13:10 (Std) 	WindowFactory for 'LayoutCell' windows added. (0x179c630)
21/10/2016 15:13:10 (Std) 	Created WindowFactory for 'HorizontalLayoutContainer' windows.
21/10/2016 15:13:10 (Std) 	WindowFactory for 'HorizontalLayoutContainer' windows added. (0x179e430)
21/10/2016 15:13:10 (Std) 	Created WindowFactory for 'VerticalLayoutContainer' windows.
21/10/2016 15:13:10 (Std) 	WindowFactory for 'VerticalLayoutContainer' windows added. (0x179e5d0)
21/10/2016 15:13:10 (Std) 	Created WindowFactory for 'GridLayoutContainer' windows.
21/10/2016 15:13:10 (Std) 	WindowFactory for 'GridLayoutContainer' windows added. (0x179e770)
21/10/2016 15:13:10 (Std) 	CEGUI::System singleton created. (0x177dab0)
21/10/2016 15:13:10 (Std) 	---- CEGUI System initialisation completed ----
21/10/2016 15:13:10 (Std) 	
21/10/2016 15:13:10 (Std) 	Started creation of Scheme from XML specification:
21/10/2016 15:13:10 (Std) 	---- CEGUI GUIScheme name: TaharezLook
21/10/2016 15:13:10 (Std) 	[ImageManager] Started creation of Imageset from XML specification:
21/10/2016 15:13:10 (Std) 	[ImageManager] ---- CEGUI Imageset name: TaharezLook
21/10/2016 15:13:10 (Std) 	[ImageManager] ---- Source texture file: TaharezLook.png
21/10/2016 15:13:10 (Std) 	[ImageManager] ---- Source texture resource group: (Default)
21/10/2016 15:13:10 (Std) 	[OgreRenderer] Created texture: TaharezLook
21/10/2016 15:13:10 (Std) 	[ImageManager] Created image: 'TaharezLook/ClientBrush' (0x17b1ea0) of type: BasicImage
21/10/2016 15:13:10 (Std) 	[ImageManager] Created image: 'TaharezLook/GenericBrush' (0x17b1d10) of type: BasicImage
21/10/2016 15:13:10 (Std) 	[ImageManager] Created image: 'TaharezLook/WindowLeftEdge' (0x179ef50) of type: BasicImage
21/10/2016 15:13:10 (Std) 	[ImageManager] Created image: 'TaharezLook/WindowRightEdge' (0x17b23f0) of type: BasicImage
21/10/2016 15:13:10 (Std) 	[ImageManager] Created image: 'TaharezLook/WindowTopEdge' (0x17b16d0) of type: BasicImage
21/10/2016 15:13:10 (Std) 	[ImageManager] Created image: 'TaharezLook/WindowBottomEdge' (0x17a41a0) of type: BasicImage
21/10/2016 15:13:10 (Std) 	[ImageManager] Created image: 'TaharezLook/WindowTopLeft' (0x179f250) of type: BasicImage
21/10/2016 15:13:10 (Std) 	[ImageManager] Created image: 'TaharezLook/WindowTopRight' (0x179f460) of type: BasicImage
21/10/2016 15:13:10 (Std) 	[ImageManager] Created image: 'TaharezLook/WindowBottomLeft' (0x179f670) of type: BasicImage
21/10/2016 15:13:10 (Std) 	[ImageManager] Created image: 'TaharezLook/WindowBottomRight' (0x179f880) of type: BasicImage
21/10/2016 15:13:10 (Std) 	[ImageManager] Created image: 'TaharezLook/ButtonLeftNormal' (0x179fa90) of type: BasicImage
21/10/2016 15:13:10 (Std) 	[ImageManager] Created image: 'TaharezLook/ButtonMiddleNormal' (0x179fca0) of type: BasicImage
21/10/2016 15:13:10 (Std) 	[ImageManager] Created image: 'TaharezLook/ButtonRightNormal' (0x179feb0) of type: BasicImage
21/10/2016 15:13:10 (Std) 	[ImageManager] Created image: 'TaharezLook/ButtonLeftPushed' (0x17a00c0) of type: BasicImage
21/10/2016 15:13:10 (Std) 	[ImageManager] Created image: 'TaharezLook/ButtonMiddlePushed' (0x17a02d0) of type: BasicImage
21/10/2016 15:13:10 (Std) 	[ImageManager] Created image: 'TaharezLook/ButtonRightPushed' (0x17a04e0) of type: BasicImage
21/10/2016 15:13:10 (Std) 	[ImageManager] Created image: 'TaharezLook/ButtonLeftHighlight' (0x17a06f0) of type: BasicImage
21/10/2016 15:13:10 (Std) 	[ImageManager] Created image: 'TaharezLook/ButtonMiddleHighlight' (0x17a0c20) of type: BasicImage
21/10/2016 15:13:10 (Std) 	[ImageManager] Created image: 'TaharezLook/ButtonRightHighlight' (0x179edc0) of type: BasicImage
21/10/2016 15:13:10 (Std) 	[ImageManager] Created image: 'TaharezLook/CheckboxNormal' (0x17a1070) of type: BasicImage
21/10/2016 15:13:10 (Std) 	[ImageManager] Created image: 'TaharezLook/CheckboxHover' (0x17a1280) of type: BasicImage
21/10/2016 15:13:10 (Std) 	[ImageManager] Created image: 'TaharezLook/CheckboxMark' (0x17a1490) of type: BasicImage
21/10/2016 15:13:10 (Std) 	[ImageManager] Created image: 'TaharezLook/RadioButtonNormal' (0x17a16a0) of type: BasicImage
21/10/2016 15:13:10 (Std) 	[ImageManager] Created image: 'TaharezLook/RadioButtonHover' (0x17a18b0) of type: BasicImage
21/10/2016 15:13:10 (Std) 	[ImageManager] Created image: 'TaharezLook/RadioButtonMark' (0x17a1ac0) of type: BasicImage
21/10/2016 15:13:10 (Std) 	[ImageManager] Created image: 'TaharezLook/TitlebarLeft' (0x17a1cd0) of type: BasicImage
21/10/2016 15:13:10 (Std) 	[ImageManager] Created image: 'TaharezLook/TitlebarMiddle' (0x17a3cf0) of type: BasicImage
21/10/2016 15:13:10 (Std) 	[ImageManager] Created image: 'TaharezLook/TitlebarRight' (0x17b1540) of type: BasicImage
21/10/2016 15:13:10 (Std) 	[ImageManager] Created image: 'TaharezLook/NewTitlebarLeft' (0x17a5720) of type: BasicImage
21/10/2016 15:13:10 (Std) 	[ImageManager] Created image: 'TaharezLook/NewTitlebarMiddle' (0x17a5930) of type: BasicImage
21/10/2016 15:13:10 (Std) 	[ImageManager] Created image: 'TaharezLook/NewTitlebarRight' (0x17a5b40) of type: BasicImage
21/10/2016 15:13:10 (Std) 	[ImageManager] Created image: 'TaharezLook/SysAreaMiddle' (0x17a5d50) of type: BasicImage
21/10/2016 15:13:10 (Std) 	[ImageManager] Created image: 'TaharezLook/SysAreaRight' (0x17a5f60) of type: BasicImage
21/10/2016 15:13:10 (Std) 	[ImageManager] Created image: 'TaharezLook/StaticLeft' (0x17a6170) of type: BasicImage
21/10/2016 15:13:10 (Std) 	[ImageManager] Created image: 'TaharezLook/StaticRight' (0x17a6380) of type: BasicImage
21/10/2016 15:13:10 (Std) 	[ImageManager] Created image: 'TaharezLook/StaticTop' (0x17a6590) of type: BasicImage
21/10/2016 15:13:10 (Std) 	[ImageManager] Created image: 'TaharezLook/StaticBottom' (0x17a67a0) of type: BasicImage
21/10/2016 15:13:10 (Std) 	[ImageManager] Created image: 'TaharezLook/StaticTopLeft' (0x17a69b0) of type: BasicImage
21/10/2016 15:13:10 (Std) 	[ImageManager] Created image: 'TaharezLook/StaticTopRight' (0x17a6bc0) of type: BasicImage
21/10/2016 15:13:10 (Std) 	[ImageManager] Created image: 'TaharezLook/StaticBottomLeft' (0x17a6dd0) of type: BasicImage
21/10/2016 15:13:10 (Std) 	[ImageManager] Created image: 'TaharezLook/StaticBottomRight' (0x17a6fe0) of type: BasicImage
21/10/2016 15:13:10 (Std) 	[ImageManager] Created image: 'TaharezLook/StaticBackdrop' (0x17a71f0) of type: BasicImage
21/10/2016 15:13:10 (Std) 	[ImageManager] Created image: 'TaharezLook/ProgressBarLeft' (0x17a7400) of type: BasicImage
21/10/2016 15:13:10 (Std) 	[ImageManager] Created image: 'TaharezLook/ProgressBarMiddle' (0x17a7610) of type: BasicImage
21/10/2016 15:13:10 (Std) 	[ImageManager] Created image: 'TaharezLook/ProgressBarRight' (0x17a7820) of type: BasicImage
21/10/2016 15:13:10 (Std) 	[ImageManager] Created image: 'TaharezLook/ProgressBarDimSegment' (0x17a7bc0) of type: BasicImage
21/10/2016 15:13:10 (Std) 	[ImageManager] Created image: 'TaharezLook/ProgressBarLitSegment' (0x179ec30) of type: BasicImage
21/10/2016 15:13:10 (Std) 	[ImageManager] Created image: 'TaharezLook/EditBoxLeft' (0x17a8220) of type: BasicImage
21/10/2016 15:13:10 (Std) 	[ImageManager] Created image: 'TaharezLook/EditBoxMiddle' (0x17a8430) of type: BasicImage
21/10/2016 15:13:10 (Std) 	[ImageManager] Created image: 'TaharezLook/EditBoxRight' (0x17a8640) of type: BasicImage
21/10/2016 15:13:10 (Std) 	[ImageManager] Created image: 'TaharezLook/EditBoxCaret' (0x17a8850) of type: BasicImage
21/10/2016 15:13:10 (Std) 	[ImageManager] Created image: 'TaharezLook/SpinnerUpNormal' (0x17a8a60) of type: BasicImage
21/10/2016 15:13:10 (Std) 	[ImageManager] Created image: 'TaharezLook/SpinnerDownNormal' (0x17a8c70) of type: BasicImage
21/10/2016 15:13:10 (Std) 	[ImageManager] Created image: 'TaharezLook/SpinnerUpHover' (0x17a8e80) of type: BasicImage
21/10/2016 15:13:10 (Std) 	[ImageManager] Created image: 'TaharezLook/SpinnerDownHover' (0x17a9090) of type: BasicImage
21/10/2016 15:13:10 (Std) 	[ImageManager] Created image: 'TaharezLook/TextSelectionBrush' (0x17a92a0) of type: BasicImage
21/10/2016 15:13:10 (Std) 	[ImageManager] Created image: 'TaharezLook/VertScrollTop' (0x17a94b0) of type: BasicImage
21/10/2016 15:13:10 (Std) 	[ImageManager] Created image: 'TaharezLook/VertScrollMiddle' (0x17a96c0) of type: BasicImage
21/10/2016 15:13:10 (Std) 	[ImageManager] Created image: 'TaharezLook/VertScrollBottom' (0x17a98d0) of type: BasicImage
21/10/2016 15:13:10 (Std) 	[ImageManager] Created image: 'TaharezLook/VertScrollBarSegment' (0x17a9ae0) of type: BasicImage
21/10/2016 15:13:10 (Std) 	[ImageManager] Created image: 'TaharezLook/VertScrollThumbNormal' (0x17a9e10) of type: BasicImage
21/10/2016 15:13:10 (Std) 	[ImageManager] Created image: 'TaharezLook/VertScrollThumbHover' (0x17aa140) of type: BasicImage
21/10/2016 15:13:10 (Std) 	[ImageManager] Created image: 'TaharezLook/VertScrollUpNormal' (0x17aa470) of type: BasicImage
21/10/2016 15:13:10 (Std) 	[ImageManager] Created image: 'TaharezLook/VertScrollDownNormal' (0x17aa680) of type: BasicImage
21/10/2016 15:13:10 (Std) 	[ImageManager] Created image: 'TaharezLook/VertScrollUpHover' (0x17aa9b0) of type: BasicImage
21/10/2016 15:13:10 (Std) 	[ImageManager] Created image: 'TaharezLook/VertScrollDownHover' (0x17aabc0) of type: BasicImage
21/10/2016 15:13:10 (Std) 	[ImageManager] Created image: 'TaharezLook/MiniVertScrollBarSegment' (0x17ab0f0) of type: BasicImage
21/10/2016 15:13:10 (Std) 	[ImageManager] Created image: 'TaharezLook/MiniVertScrollThumbNormal' (0x179eaa0) of type: BasicImage
21/10/2016 15:13:10 (Std) 	[ImageManager] Created image: 'TaharezLook/MiniVertScrollThumbTopNormal' (0x17c8460) of type: BasicImage
21/10/2016 15:13:10 (Std) 	[ImageManager] Created image: 'TaharezLook/MiniVertScrollThumbMiddleNormal' (0x17b12e0) of type: BasicImage
21/10/2016 15:13:10 (Std) 	[ImageManager] Created image: 'TaharezLook/MiniVertScrollThumbBottomNormal' (0x17c8af0) of type: BasicImage
21/10/2016 15:13:10 (Std) 	[ImageManager] Created image: 'TaharezLook/MiniVertScrollThumbTopHover' (0x17c8e80) of type: BasicImage
21/10/2016 15:13:10 (Std) 	[ImageManager] Created image: 'TaharezLook/MiniVertScrollThumbMiddleHover' (0x17c92a0) of type: BasicImage
21/10/2016 15:13:10 (Std) 	[ImageManager] Created image: 'TaharezLook/MiniVertScrollThumbBottomHover' (0x17c9630) of type: BasicImage
21/10/2016 15:13:10 (Std) 	[ImageManager] Created image: 'TaharezLook/MiniVertScrollThumbHover' (0x17c99c0) of type: BasicImage
21/10/2016 15:13:10 (Std) 	[ImageManager] Created image: 'TaharezLook/MiniVertScrollUpNormal' (0x17c9d10) of type: BasicImage
21/10/2016 15:13:10 (Std) 	[ImageManager] Created image: 'TaharezLook/MiniVertScrollDownNormal' (0x17ca060) of type: BasicImage
21/10/2016 15:13:10 (Std) 	[ImageManager] Created image: 'TaharezLook/MiniVertScrollUpHover' (0x17ca3b0) of type: BasicImage
21/10/2016 15:13:10 (Std) 	[ImageManager] Created image: 'TaharezLook/MiniVertScrollDownHover' (0x17ca6e0) of type: BasicImage
21/10/2016 15:13:10 (Std) 	[ImageManager] Created image: 'TaharezLook/VertSliderBody' (0x17caa30) of type: BasicImage
21/10/2016 15:13:10 (Std) 	[ImageManager] Created image: 'TaharezLook/VertSliderThumbNormal' (0x17cac40) of type: BasicImage
21/10/2016 15:13:10 (Std) 	[ImageManager] Created image: 'TaharezLook/VertSliderThumbHover' (0x17caf70) of type: BasicImage
21/10/2016 15:13:10 (Std) 	[ImageManager] Created image: 'TaharezLook/MiniHorzScrollBarSegment' (0x17cb2a0) of type: BasicImage
21/10/2016 15:13:10 (Std) 	[ImageManager] Created image: 'TaharezLook/MiniHorzScrollThumbNormal' (0x17cb5f0) of type: BasicImage
21/10/2016 15:13:10 (Std) 	[ImageManager] Created image: 'TaharezLook/MiniHorzScrollThumbLeftNormal' (0x17cb940) of type: BasicImage
21/10/2016 15:13:10 (Std) 	[ImageManager] Created image: 'TaharezLook/MiniHorzScrollThumbMiddleNormal' (0x17cbd60) of type: BasicImage
21/10/2016 15:13:10 (Std) 	[ImageManager] Created image: 'TaharezLook/MiniHorzScrollThumbRightNormal' (0x17cc0f0) of type: BasicImage
21/10/2016 15:13:10 (Std) 	[ImageManager] Created image: 'TaharezLook/MiniHorzScrollThumbHover' (0x17cc480) of type: BasicImage
21/10/2016 15:13:10 (Std) 	[ImageManager] Created image: 'TaharezLook/MiniHorzScrollThumbLeftHover' (0x17cc7d0) of type: BasicImage
21/10/2016 15:13:10 (Std) 	[ImageManager] Created image: 'TaharezLook/MiniHorzScrollThumbMiddleHover' (0x17ccb40) of type: BasicImage
21/10/2016 15:13:10 (Std) 	[ImageManager] Created image: 'TaharezLook/MiniHorzScrollThumbRightHover' (0x17cced0) of type: BasicImage
21/10/2016 15:13:10 (Std) 	[ImageManager] Created image: 'TaharezLook/MiniHorzScrollLeftNormal' (0x17cd240) of type: BasicImage
21/10/2016 15:13:10 (Std) 	[ImageManager] Created image: 'TaharezLook/MiniHorzScrollRightNormal' (0x17cd590) of type: BasicImage
21/10/2016 15:13:10 (Std) 	[ImageManager] Created image: 'TaharezLook/MiniHorzScrollLeftHover' (0x17cd8e0) of type: BasicImage
21/10/2016 15:13:10 (Std) 	[ImageManager] Created image: 'TaharezLook/MiniHorzScrollRightHover' (0x17cdc30) of type: BasicImage
21/10/2016 15:13:10 (Std) 	[ImageManager] Created image: 'TaharezLook/ListboxLeft' (0x17cdf80) of type: BasicImage
21/10/2016 15:13:10 (Std) 	[ImageManager] Created image: 'TaharezLook/ListboxRight' (0x17ce190) of type: BasicImage
21/10/2016 15:13:10 (Std) 	[ImageManager] Created image: 'TaharezLook/ListboxTop' (0x17ce3a0) of type: BasicImage
21/10/2016 15:13:10 (Std) 	[ImageManager] Created image: 'TaharezLook/ListboxBottom' (0x17ce5b0) of type: BasicImage
21/10/2016 15:13:10 (Std) 	[ImageManager] Created image: 'TaharezLook/ListboxTopLeft' (0x17ce7c0) of type: BasicImage
21/10/2016 15:13:10 (Std) 	[ImageManager] Created image: 'TaharezLook/ListboxTopRight' (0x17ce9d0) of type: BasicImage
21/10/2016 15:13:10 (Std) 	[ImageManager] Created image: 'TaharezLook/ListboxBottomLeft' (0x17cebe0) of type: BasicImage
21/10/2016 15:13:10 (Std) 	[ImageManager] Created image: 'TaharezLook/ListboxBottomRight' (0x17cedf0) of type: BasicImage
21/10/2016 15:13:10 (Std) 	[ImageManager] Created image: 'TaharezLook/ListboxBackdrop' (0x17cf000) of type: BasicImage
21/10/2016 15:13:10 (Std) 	[ImageManager] Created image: 'TaharezLook/ListboxSelectionBrush' (0x17cf210) of type: BasicImage
21/10/2016 15:13:10 (Std) 	[ImageManager] Created image: 'TaharezLook/ComboboxEditLeft' (0x17cf540) of type: BasicImage
21/10/2016 15:13:10 (Std) 	[ImageManager] Created image: 'TaharezLook/ComboboxEditMiddle' (0x17cf750) of type: BasicImage
21/10/2016 15:13:10 (Std) 	[ImageManager] Created image: 'TaharezLook/ComboboxListButtonNormal' (0x17cf960) of type: BasicImage
21/10/2016 15:13:10 (Std) 	[ImageManager] Created image: 'TaharezLook/ComboboxListButtonHover' (0x17cfcb0) of type: BasicImage
21/10/2016 15:13:10 (Std) 	[ImageManager] Created image: 'TaharezLook/ComboboxListLeft' (0x17d0000) of type: BasicImage
21/10/2016 15:13:10 (Std) 	[ImageManager] Created image: 'TaharezLook/ComboboxListRight' (0x17d0210) of type: BasicImage
21/10/2016 15:13:10 (Std) 	[ImageManager] Created image: 'TaharezLook/ComboboxListTop' (0x17d0420) of type: BasicImage
21/10/2016 15:13:10 (Std) 	[ImageManager] Created image: 'TaharezLook/ComboboxListBottom' (0x17d0630) of type: BasicImage
21/10/2016 15:13:10 (Std) 	[ImageManager] Created image: 'TaharezLook/ComboboxListTopLeft' (0x17d0840) of type: BasicImage
21/10/2016 15:13:10 (Std) 	[ImageManager] Created image: 'TaharezLook/ComboboxListTopRight' (0x17d0a50) of type: BasicImage
21/10/2016 15:13:10 (Std) 	[ImageManager] Created image: 'TaharezLook/ComboboxListBottomLeft' (0x17d0d80) of type: BasicImage
21/10/2016 15:13:10 (Std) 	[ImageManager] Created image: 'TaharezLook/ComboboxListBottomRight' (0x17d10d0) of type: BasicImage
21/10/2016 15:13:10 (Std) 	[ImageManager] Created image: 'TaharezLook/ComboboxListBackdrop' (0x17d1420) of type: BasicImage
21/10/2016 15:13:10 (Std) 	[ImageManager] Created image: 'TaharezLook/ComboboxSelectionBrush' (0x17d1750) of type: BasicImage
21/10/2016 15:13:10 (Std) 	[ImageManager] Created image: 'TaharezLook/ComboboxDividerLeft' (0x17d1aa0) of type: BasicImage
21/10/2016 15:13:10 (Std) 	[ImageManager] Created image: 'TaharezLook/ComboboxDividerMiddle' (0x17d1cb0) of type: BasicImage
21/10/2016 15:13:10 (Std) 	[ImageManager] Created image: 'TaharezLook/ComboboxDividerRight' (0x17d1fe0) of type: BasicImage
21/10/2016 15:13:10 (Std) 	[ImageManager] Created image: 'TaharezLook/HeaderBarBackdropNormal' (0x17d2310) of type: BasicImage
21/10/2016 15:13:10 (Std) 	[ImageManager] Created image: 'TaharezLook/HeaderBarBackdropHover' (0x17d2660) of type: BasicImage
21/10/2016 15:13:10 (Std) 	[ImageManager] Created image: 'TaharezLook/HeaderBarSplitterNormal' (0x17d29b0) of type: BasicImage
21/10/2016 15:13:10 (Std) 	[ImageManager] Created image: 'TaharezLook/HeaderBarSplitterHover' (0x17d2d00) of type: BasicImage
21/10/2016 15:13:10 (Std) 	[ImageManager] Created image: 'TaharezLook/HeaderBarSortUp' (0x17d3050) of type: BasicImage
21/10/2016 15:13:10 (Std) 	[ImageManager] Created image: 'TaharezLook/HeaderBarSortDown' (0x17d3260) of type: BasicImage
21/10/2016 15:13:10 (Std) 	[ImageManager] Created image: 'TaharezLook/MultiListLeft' (0x17d3470) of type: BasicImage
21/10/2016 15:13:10 (Std) 	[ImageManager] Created image: 'TaharezLook/MultiListRight' (0x17d3680) of type: BasicImage
21/10/2016 15:13:10 (Std) 	[ImageManager] Created image: 'TaharezLook/MultiListTop' (0x17d3890) of type: BasicImage
21/10/2016 15:13:10 (Std) 	[ImageManager] Created image: 'TaharezLook/MultiListBottom' (0x17d3aa0) of type: BasicImage
21/10/2016 15:13:10 (Std) 	[ImageManager] Created image: 'TaharezLook/MultiListTopLeft' (0x17d3cb0) of type: BasicImage
21/10/2016 15:13:10 (Std) 	[ImageManager] Created image: 'TaharezLook/MultiListTopRight' (0x17d3ec0) of type: BasicImage
21/10/2016 15:13:10 (Std) 	[ImageManager] Created image: 'TaharezLook/MultiListBottomLeft' (0x17d40d0) of type: BasicImage
21/10/2016 15:13:10 (Std) 	[ImageManager] Created image: 'TaharezLook/MultiListBottomRight' (0x17d42e0) of type: BasicImage
21/10/2016 15:13:10 (Std) 	[ImageManager] Created image: 'TaharezLook/MultiListBackdrop' (0x17d4610) of type: BasicImage
21/10/2016 15:13:10 (Std) 	[ImageManager] Created image: 'TaharezLook/MultiListSelectionBrush' (0x17d4820) of type: BasicImage
21/10/2016 15:13:10 (Std) 	[ImageManager] Created image: 'TaharezLook/AltProgressLeft' (0x17d4b70) of type: BasicImage
21/10/2016 15:13:10 (Std) 	[ImageManager] Created image: 'TaharezLook/AltProgressMiddle' (0x17d4d80) of type: BasicImage
21/10/2016 15:13:10 (Std) 	[ImageManager] Created image: 'TaharezLook/AltProgressRight' (0x17d4f90) of type: BasicImage
21/10/2016 15:13:10 (Std) 	[ImageManager] Created image: 'TaharezLook/AltProgressQuarter' (0x17d5200) of type: BasicImage
21/10/2016 15:13:10 (Std) 	[ImageManager] Created image: 'TaharezLook/AltProgressHalf' (0x17d5470) of type: BasicImage
21/10/2016 15:13:10 (Std) 	[ImageManager] Created image: 'TaharezLook/AltProgressLight1' (0x17ab580) of type: BasicImage
21/10/2016 15:13:10 (Std) 	[ImageManager] Created image: 'TaharezLook/AltProgressLight2' (0x1855a60) of type: BasicImage
21/10/2016 15:13:10 (Std) 	[ImageManager] Created image: 'TaharezLook/AltProgressLight3' (0x1855c70) of type: BasicImage
21/10/2016 15:13:10 (Std) 	[ImageManager] Created image: 'TaharezLook/AltProgressLight4' (0x1855e80) of type: BasicImage
21/10/2016 15:13:10 (Std) 	[ImageManager] Created image: 'TaharezLook/AltProgressLight5' (0x1856090) of type: BasicImage
21/10/2016 15:13:10 (Std) 	[ImageManager] Created image: 'TaharezLook/AltProgressLight6' (0x18562a0) of type: BasicImage
21/10/2016 15:13:10 (Std) 	[ImageManager] Created image: 'TaharezLook/AltProgressLight7' (0x18564b0) of type: BasicImage
21/10/2016 15:13:10 (Std) 	[ImageManager] Created image: 'TaharezLook/AltProgressLight8' (0x18566c0) of type: BasicImage
21/10/2016 15:13:10 (Std) 	[ImageManager] Created image: 'TaharezLook/AltProgressLight9' (0x18568d0) of type: BasicImage
21/10/2016 15:13:10 (Std) 	[ImageManager] Created image: 'TaharezLook/AltProgressLight10' (0x1856ae0) of type: BasicImage
21/10/2016 15:13:10 (Std) 	[ImageManager] Created image: 'TaharezLook/CloseButtonNormal' (0x1856cf0) of type: BasicImage
21/10/2016 15:13:10 (Std) 	[ImageManager] Created image: 'TaharezLook/CloseButtonHover' (0x1856f00) of type: BasicImage
21/10/2016 15:13:10 (Std) 	[ImageManager] Created image: 'TaharezLook/CloseButtonPressed' (0x1857110) of type: BasicImage
21/10/2016 15:13:10 (Std) 	[ImageManager] Created image: 'TaharezLook/NewCloseButtonNormal' (0x1857320) of type: BasicImage
21/10/2016 15:13:10 (Std) 	[ImageManager] Created image: 'TaharezLook/NewCloseButtonHover' (0x1857530) of type: BasicImage
21/10/2016 15:13:10 (Std) 	[ImageManager] Created image: 'TaharezLook/NewCloseButtonPressed' (0x1857740) of type: BasicImage
21/10/2016 15:13:10 (Std) 	[ImageManager] Created image: 'TaharezLook/MultiLineEditboxLeft' (0x1857950) of type: BasicImage
21/10/2016 15:13:10 (Std) 	[ImageManager] Created image: 'TaharezLook/MultiLineEditboxRight' (0x1857b60) of type: BasicImage
21/10/2016 15:13:10 (Std) 	[ImageManager] Created image: 'TaharezLook/MultiLineEditboxTop' (0x1857d70) of type: BasicImage
21/10/2016 15:13:10 (Std) 	[ImageManager] Created image: 'TaharezLook/MultiLineEditboxBottom' (0x1857f80) of type: BasicImage
21/10/2016 15:13:10 (Std) 	[ImageManager] Created image: 'TaharezLook/MultiLineEditboxTopLeft' (0x1858230) of type: BasicImage
21/10/2016 15:13:10 (Std) 	[ImageManager] Created image: 'TaharezLook/MultiLineEditboxTopRight' (0x1858580) of type: BasicImage
21/10/2016 15:13:10 (Std) 	[ImageManager] Created image: 'TaharezLook/MultiLineEditboxBottomLeft' (0x1858a60) of type: BasicImage
21/10/2016 15:13:10 (Std) 	[ImageManager] Created image: 'TaharezLook/MultiLineEditboxBottomRight' (0x1858dd0) of type: BasicImage
21/10/2016 15:13:10 (Std) 	[ImageManager] Created image: 'TaharezLook/MultiLineEditboxBackdrop' (0x1859140) of type: BasicImage
21/10/2016 15:13:10 (Std) 	[ImageManager] Created image: 'TaharezLook/MultiLineEditboxSelectionBrush' (0x1859670) of type: BasicImage
21/10/2016 15:13:10 (Std) 	[ImageManager] Created image: 'TaharezLook/MouseTarget' (0x1859df0) of type: BasicImage
21/10/2016 15:13:10 (Std) 	[ImageManager] Created image: 'TaharezLook/MouseArrow' (0x17aaf60) of type: BasicImage
21/10/2016 15:13:10 (Std) 	[ImageManager] Created image: 'TaharezLook/MouseMoveCursor' (0x185a320) of type: BasicImage
21/10/2016 15:13:10 (Std) 	[ImageManager] Created image: 'TaharezLook/MouseNoSoCursor' (0x185a530) of type: BasicImage
21/10/2016 15:13:10 (Std) 	[ImageManager] Created image: 'TaharezLook/MouseEsWeCursor' (0x185a740) of type: BasicImage
21/10/2016 15:13:10 (Std) 	[ImageManager] Created image: 'TaharezLook/MouseNeSwCursor' (0x185a950) of type: BasicImage
21/10/2016 15:13:10 (Std) 	[ImageManager] Created image: 'TaharezLook/MouseNwSeCursor' (0x185ab60) of type: BasicImage
21/10/2016 15:13:10 (Std) 	[ImageManager] Created image: 'TaharezLook/MouseTextBar' (0x185ad70) of type: BasicImage
21/10/2016 15:13:10 (Std) 	[ImageManager] Created image: 'TaharezLook/TabHorizontalFiller' (0x185a000) of type: BasicImage
21/10/2016 15:13:10 (Std) 	[ImageManager] Created image: 'TaharezLook/TabContentPaneUpperLeft' (0x1859a30) of type: BasicImage
21/10/2016 15:13:10 (Std) 	[ImageManager] Created image: 'TaharezLook/TabContentPaneUpper' (0x185af80) of type: BasicImage
21/10/2016 15:13:10 (Std) 	[ImageManager] Created image: 'TaharezLook/TabContentPaneUpperRight' (0x185b0a0) of type: BasicImage
21/10/2016 15:13:10 (Std) 	[ImageManager] Created image: 'TaharezLook/TabContentPaneLeft' (0x185b350) of type: BasicImage
21/10/2016 15:13:10 (Std) 	[ImageManager] Created image: 'TaharezLook/TabContentPaneRight' (0x185b560) of type: BasicImage
21/10/2016 15:13:10 (Std) 	[ImageManager] Created image: 'TaharezLook/TabContentPaneLower' (0x185b770) of type: BasicImage
21/10/2016 15:13:10 (Std) 	[ImageManager] Created image: 'TaharezLook/TabContentPaneLowerLeft' (0x185b980) of type: BasicImage
21/10/2016 15:13:10 (Std) 	[ImageManager] Created image: 'TaharezLook/TabContentPaneLowerRight' (0x185bcd0) of type: BasicImage
21/10/2016 15:13:10 (Std) 	[ImageManager] Created image: 'TaharezLook/TabContentPaneMiddle' (0x185c020) of type: BasicImage
21/10/2016 15:13:10 (Std) 	[ImageManager] Created image: 'TaharezLook/TabButtonScrollLeftNormal' (0x185c3c0) of type: BasicImage
21/10/2016 15:13:10 (Std) 	[ImageManager] Created image: 'TaharezLook/TabButtonScrollRightNormal' (0x185c8a0) of type: BasicImage
21/10/2016 15:13:10 (Std) 	[ImageManager] Created image: 'TaharezLook/TabButtonScrollLeftHover' (0x18594e0) of type: BasicImage
21/10/2016 15:13:10 (Std) 	[ImageManager] Created image: 'TaharezLook/TabButtonScrollRightHover' (0x185ce50) of type: BasicImage
21/10/2016 15:13:10 (Std) 	[ImageManager] Created image: 'TaharezLook/TabButtonLeftNormal' (0x185d1a0) of type: BasicImage
21/10/2016 15:13:10 (Std) 	[ImageManager] Created image: 'TaharezLook/TabButtonRightNormal' (0x185d3b0) of type: BasicImage
21/10/2016 15:13:10 (Std) 	[ImageManager] Created image: 'TaharezLook/TabButtonUpperNormal' (0x185d5c0) of type: BasicImage
21/10/2016 15:13:10 (Std) 	[ImageManager] Created image: 'TaharezLook/TabButtonLowerNormal' (0x185d8f0) of type: BasicImage
21/10/2016 15:13:10 (Std) 	[ImageManager] Created image: 'TaharezLook/TabButtonUpperLeftNormal' (0x185ddb0) of type: BasicImage
21/10/2016 15:13:10 (Std) 	[ImageManager] Created image: 'TaharezLook/TabButtonUpperLeft2Normal' (0x185e1a0) of type: BasicImage
21/10/2016 15:13:10 (Std) 	[ImageManager] Created image: 'TaharezLook/TabButtonUpperRightNormal' (0x185e4f0) of type: BasicImage
21/10/2016 15:13:10 (Std) 	[ImageManager] Created image: 'TaharezLook/TabButtonLowerLeftNormal' (0x185e840) of type: BasicImage
21/10/2016 15:13:10 (Std) 	[ImageManager] Created image: 'TaharezLook/TabButtonLowerRightNormal' (0x185eb90) of type: BasicImage
21/10/2016 15:13:10 (Std) 	[ImageManager] Created image: 'TaharezLook/TabButtonLowerRight2Normal' (0x185f070) of type: BasicImage
21/10/2016 15:13:10 (Std) 	[ImageManager] Created image: 'TaharezLook/TabButtonMiddleNormal' (0x17b2200) of type: BasicImage
21/10/2016 15:13:10 (Std) 	[ImageManager] Created image: 'TaharezLook/TabButtonLeftSelected' (0x185f580) of type: BasicImage
21/10/2016 15:13:10 (Std) 	[ImageManager] Created image: 'TaharezLook/TabButtonRightSelected' (0x185f790) of type: BasicImage
21/10/2016 15:13:10 (Std) 	[ImageManager] Created image: 'TaharezLook/TabButtonUpperSelected' (0x185fb80) of type: BasicImage
21/10/2016 15:13:10 (Std) 	[ImageManager] Created image: 'TaharezLook/TabButtonLowerSelected' (0x185fed0) of type: BasicImage
21/10/2016 15:13:10 (Std) 	[ImageManager] Created image: 'TaharezLook/TabButtonUpperLeftSelected' (0x18603b0) of type: BasicImage
21/10/2016 15:13:10 (Std) 	[ImageManager] Created image: 'TaharezLook/TabButtonUpperRightSelected' (0x18607d0) of type: BasicImage
21/10/2016 15:13:10 (Std) 	[ImageManager] Created image: 'TaharezLook/TabButtonLowerLeftSelected' (0x1860b40) of type: BasicImage
21/10/2016 15:13:10 (Std) 	[ImageManager] Created image: 'TaharezLook/TabButtonLowerRightSelected' (0x1860eb0) of type: BasicImage
21/10/2016 15:13:10 (Std) 	[ImageManager] Created image: 'TaharezLook/TabButtonMiddleSelected' (0x1861220) of type: BasicImage
21/10/2016 15:13:10 (Std) 	[ImageManager] Created image: 'TaharezLook/TooltipTopLeft' (0x1861430) of type: BasicImage
21/10/2016 15:13:10 (Std) 	[ImageManager] Created image: 'TaharezLook/TooltipTopRight' (0x1861640) of type: BasicImage
21/10/2016 15:13:10 (Std) 	[ImageManager] Created image: 'TaharezLook/TooltipBottomLeft' (0x1861850) of type: BasicImage
21/10/2016 15:13:10 (Std) 	[ImageManager] Created image: 'TaharezLook/TooltipBottomRight' (0x1861a60) of type: BasicImage
21/10/2016 15:13:10 (Std) 	[ImageManager] Created image: 'TaharezLook/TooltipLeftEdge' (0x1861c70) of type: BasicImage
21/10/2016 15:13:10 (Std) 	[ImageManager] Created image: 'TaharezLook/TooltipRightEdge' (0x1861e80) of type: BasicImage
21/10/2016 15:13:10 (Std) 	[ImageManager] Created image: 'TaharezLook/TooltipTopEdge' (0x1862090) of type: BasicImage
21/10/2016 15:13:10 (Std) 	[ImageManager] Created image: 'TaharezLook/TooltipBottomEdge' (0x18622a0) of type: BasicImage
21/10/2016 15:13:10 (Std) 	[ImageManager] Created image: 'TaharezLook/TooltipMiddle' (0x18624b0) of type: BasicImage
21/10/2016 15:13:10 (Std) 	[ImageManager] Created image: 'TaharezLook/MenuTopLeft' (0x18626c0) of type: BasicImage
21/10/2016 15:13:10 (Std) 	[ImageManager] Created image: 'TaharezLook/MenuTopRight' (0x18628d0) of type: BasicImage
21/10/2016 15:13:10 (Std) 	[ImageManager] Created image: 'TaharezLook/MenuBottomLeft' (0x1862ae0) of type: BasicImage
21/10/2016 15:13:10 (Std) 	[ImageManager] Created image: 'TaharezLook/MenuBottomRight' (0x1862cf0) of type: BasicImage
21/10/2016 15:13:10 (Std) 	[ImageManager] Created image: 'TaharezLook/MenuLeft' (0x1862f00) of type: BasicImage
21/10/2016 15:13:10 (Std) 	[ImageManager] Created image: 'TaharezLook/MenuRight' (0x1863110) of type: BasicImage
21/10/2016 15:13:10 (Std) 	[ImageManager] Created image: 'TaharezLook/MenuTop' (0x1863320) of type: BasicImage
21/10/2016 15:13:10 (Std) 	[ImageManager] Created image: 'TaharezLook/MenuBottom' (0x1863530) of type: BasicImage
21/10/2016 15:13:10 (Std) 	[ImageManager] Created image: 'TaharezLook/MenuMiddle' (0x1863740) of type: BasicImage
21/10/2016 15:13:10 (Std) 	[ImageManager] Created image: 'TaharezLook/PopupMenuFrameTopLeft' (0x1863950) of type: BasicImage
21/10/2016 15:13:10 (Std) 	[ImageManager] Created image: 'TaharezLook/PopupMenuFrameTopRight' (0x1863b60) of type: BasicImage
21/10/2016 15:13:10 (Std) 	[ImageManager] Created image: 'TaharezLook/PopupMenuFrameBottomLeft' (0x1863f50) of type: BasicImage
21/10/2016 15:13:10 (Std) 	[ImageManager] Created image: 'TaharezLook/PopupMenuFrameBottomRight' (0x18642a0) of type: BasicImage
21/10/2016 15:13:10 (Std) 	[ImageManager] Created image: 'TaharezLook/PopupMenuFrameLeft' (0x18645f0) of type: BasicImage
21/10/2016 15:13:10 (Std) 	[ImageManager] Created image: 'TaharezLook/PopupMenuFrameRight' (0x1864800) of type: BasicImage
21/10/2016 15:13:10 (Std) 	[ImageManager] Created image: 'TaharezLook/PopupMenuFrameTop' (0x1864a10) of type: BasicImage
21/10/2016 15:13:10 (Std) 	[ImageManager] Created image: 'TaharezLook/PopupMenuFrameBottom' (0x1864c20) of type: BasicImage
21/10/2016 15:13:10 (Std) 	[ImageManager] Created image: 'TaharezLook/PopupMenuMiddle' (0x1864e30) of type: BasicImage
21/10/2016 15:13:10 (Std) 	[ImageManager] Created image: 'TaharezLook/PopupMenuArrowRight' (0x1865040) of type: BasicImage
21/10/2016 15:13:10 (Std) 	[ImageManager] Created image: 'TaharezLook/PopupMenuArrowLeft' (0x1865250) of type: BasicImage
21/10/2016 15:13:10 (Std) 	[ImageManager] Created image: 'TaharezLook/TreeListClosed' (0x1865460) of type: BasicImage
21/10/2016 15:13:10 (Std) 	[ImageManager] Created image: 'TaharezLook/TreeListOpened' (0x1865670) of type: BasicImage
21/10/2016 15:13:10 (Std) 	===== Falagard 'root' element: look and feel parsing begins =====
21/10/2016 15:13:10 (Std) 	===== Look and feel parsing completed =====
21/10/2016 15:13:10 (Std) 	No window renderer factories specified for module 'CEGUICoreWindowRendererSet' - adding all available factories...
21/10/2016 15:13:10 (Std) 	Created WindowRendererFactory for 'Core/Button' WindowRenderers.
21/10/2016 15:13:10 (Std) 	WindowRendererFactory 'Core/Button' added. (0x1ad1ed0)
21/10/2016 15:13:10 (Std) 	Created WindowRendererFactory for 'Core/Default' WindowRenderers.
21/10/2016 15:13:10 (Std) 	WindowRendererFactory 'Core/Default' added. (0x1ad2070)
21/10/2016 15:13:10 (Std) 	Created WindowRendererFactory for 'Core/Editbox' WindowRenderers.
21/10/2016 15:13:10 (Std) 	WindowRendererFactory 'Core/Editbox' added. (0x1a668f0)
21/10/2016 15:13:10 (Std) 	Created WindowRendererFactory for 'Core/FrameWindow' WindowRenderers.
21/10/2016 15:13:10 (Std) 	WindowRendererFactory 'Core/FrameWindow' added. (0x17a4780)
21/10/2016 15:13:10 (Std) 	Created WindowRendererFactory for 'Core/ItemEntry' WindowRenderers.
21/10/2016 15:13:10 (Std) 	WindowRendererFactory 'Core/ItemEntry' added. (0x17a4920)
21/10/2016 15:13:10 (Std) 	Created WindowRendererFactory for 'Core/ListHeader' WindowRenderers.
21/10/2016 15:13:10 (Std) 	WindowRendererFactory 'Core/ListHeader' added. (0x17a4f90)
21/10/2016 15:13:10 (Std) 	Created WindowRendererFactory for 'Core/ListHeaderSegment' WindowRenderers.
21/10/2016 15:13:10 (Std) 	WindowRendererFactory 'Core/ListHeaderSegment' added. (0x17a5130)
21/10/2016 15:13:10 (Std) 	Created WindowRendererFactory for 'Core/Listbox' WindowRenderers.
21/10/2016 15:13:10 (Std) 	WindowRendererFactory 'Core/Listbox' added. (0x1a7f650)
21/10/2016 15:13:10 (Std) 	Created WindowRendererFactory for 'Core/Menubar' WindowRenderers.
21/10/2016 15:13:10 (Std) 	WindowRendererFactory 'Core/Menubar' added. (0x1a7f7f0)
21/10/2016 15:13:10 (Std) 	Created WindowRendererFactory for 'Core/MenuItem' WindowRenderers.
21/10/2016 15:13:10 (Std) 	WindowRendererFactory 'Core/MenuItem' added. (0x1a7f8b0)
21/10/2016 15:13:10 (Std) 	Created WindowRendererFactory for 'Core/MultiColumnList' WindowRenderers.
21/10/2016 15:13:10 (Std) 	WindowRendererFactory 'Core/MultiColumnList' added. (0x1a33870)
21/10/2016 15:13:10 (Std) 	Created WindowRendererFactory for 'Core/MultiLineEditbox' WindowRenderers.
21/10/2016 15:13:10 (Std) 	WindowRendererFactory 'Core/MultiLineEditbox' added. (0x1ac8000)
21/10/2016 15:13:10 (Std) 	Created WindowRendererFactory for 'Core/PopupMenu' WindowRenderers.
21/10/2016 15:13:10 (Std) 	WindowRendererFactory 'Core/PopupMenu' added. (0x1ac81a0)
21/10/2016 15:13:10 (Std) 	Created WindowRendererFactory for 'Core/ProgressBar' WindowRenderers.
21/10/2016 15:13:10 (Std) 	WindowRendererFactory 'Core/ProgressBar' added. (0x1ac8340)
21/10/2016 15:13:10 (Std) 	Created WindowRendererFactory for 'Core/ScrollablePane' WindowRenderers.
21/10/2016 15:13:10 (Std) 	WindowRendererFactory 'Core/ScrollablePane' added. (0x1aeeee0)
21/10/2016 15:13:10 (Std) 	Created WindowRendererFactory for 'Core/Scrollbar' WindowRenderers.
21/10/2016 15:13:10 (Std) 	WindowRendererFactory 'Core/Scrollbar' added. (0x1aef080)
21/10/2016 15:13:10 (Std) 	Created WindowRendererFactory for 'Core/Slider' WindowRenderers.
21/10/2016 15:13:10 (Std) 	WindowRendererFactory 'Core/Slider' added. (0x1aef220)
21/10/2016 15:13:10 (Std) 	Created WindowRendererFactory for 'Core/Static' WindowRenderers.
21/10/2016 15:13:10 (Std) 	WindowRendererFactory 'Core/Static' added. (0x17ab890)
21/10/2016 15:13:10 (Std) 	Created WindowRendererFactory for 'Core/StaticImage' WindowRenderers.
21/10/2016 15:13:10 (Std) 	WindowRendererFactory 'Core/StaticImage' added. (0x17aba30)
21/10/2016 15:13:10 (Std) 	Created WindowRendererFactory for 'Core/StaticText' WindowRenderers.
21/10/2016 15:13:10 (Std) 	WindowRendererFactory 'Core/StaticText' added. (0x17abbd0)
21/10/2016 15:13:10 (Std) 	Created WindowRendererFactory for 'Core/TabButton' WindowRenderers.
21/10/2016 15:13:10 (Std) 	WindowRendererFactory 'Core/TabButton' added. (0x1aedee0)
21/10/2016 15:13:10 (Std) 	Created WindowRendererFactory for 'Core/TabControl' WindowRenderers.
21/10/2016 15:13:10 (Std) 	WindowRendererFactory 'Core/TabControl' added. (0x1aee080)
21/10/2016 15:13:10 (Std) 	Created WindowRendererFactory for 'Core/Titlebar' WindowRenderers.
21/10/2016 15:13:10 (Std) 	WindowRendererFactory 'Core/Titlebar' added. (0x1aee220)
21/10/2016 15:13:10 (Std) 	Created WindowRendererFactory for 'Core/ToggleButton' WindowRenderers.
21/10/2016 15:13:10 (Std) 	WindowRendererFactory 'Core/ToggleButton' added. (0x1aee3c0)
21/10/2016 15:13:10 (Std) 	Created WindowRendererFactory for 'Core/Tooltip' WindowRenderers.
21/10/2016 15:13:10 (Std) 	WindowRendererFactory 'Core/Tooltip' added. (0x1aee560)
21/10/2016 15:13:10 (Std) 	Created WindowRendererFactory for 'Core/ItemListbox' WindowRenderers.
21/10/2016 15:13:10 (Std) 	WindowRendererFactory 'Core/ItemListbox' added. (0x1aef870)
21/10/2016 15:13:10 (Std) 	Created WindowRendererFactory for 'Core/Tree' WindowRenderers.
21/10/2016 15:13:10 (Std) 	WindowRendererFactory 'Core/Tree' added. (0x1aefa10)
21/10/2016 15:13:10 (Std) 	Creating falagard mapping for type 'TaharezLook/Label' using base type 'DefaultWindow', window renderer 'Core/Default' Look'N'Feel 'TaharezLook/Label' and RenderEffect ''. (0x7ffe49293220)
21/10/2016 15:13:10 (Std) 	Creating falagard mapping for type 'TaharezLook/Button' using base type 'CEGUI/PushButton', window renderer 'Core/Button' Look'N'Feel 'TaharezLook/Button' and RenderEffect ''. (0x7ffe49293220)
21/10/2016 15:13:10 (Std) 	Creating falagard mapping for type 'TaharezLook/Checkbox' using base type 'CEGUI/ToggleButton', window renderer 'Core/ToggleButton' Look'N'Feel 'TaharezLook/Checkbox' and RenderEffect ''. (0x7ffe49293220)
21/10/2016 15:13:10 (Std) 	Creating falagard mapping for type 'TaharezLook/ImageButton' using base type 'CEGUI/PushButton', window renderer 'Core/Button' Look'N'Feel 'TaharezLook/ImageButton' and RenderEffect ''. (0x7ffe49293220)
21/10/2016 15:13:10 (Std) 	Creating falagard mapping for type 'TaharezLook/RadioButton' using base type 'CEGUI/RadioButton', window renderer 'Core/ToggleButton' Look'N'Feel 'TaharezLook/RadioButton' and RenderEffect ''. (0x7ffe49293220)
21/10/2016 15:13:10 (Std) 	Creating falagard mapping for type 'TaharezLook/FrameWindow' using base type 'CEGUI/FrameWindow', window renderer 'Core/FrameWindow' Look'N'Feel 'TaharezLook/FrameWindow' and RenderEffect ''. (0x7ffe49293220)
21/10/2016 15:13:10 (Std) 	Creating falagard mapping for type 'TaharezLook/Titlebar' using base type 'CEGUI/Titlebar', window renderer 'Core/Titlebar' Look'N'Feel 'TaharezLook/Titlebar' and RenderEffect ''. (0x7ffe49293220)
21/10/2016 15:13:10 (Std) 	Creating falagard mapping for type 'TaharezLook/Editbox' using base type 'CEGUI/Editbox', window renderer 'Core/Editbox' Look'N'Feel 'TaharezLook/Editbox' and RenderEffect ''. (0x7ffe49293220)
21/10/2016 15:13:10 (Std) 	Creating falagard mapping for type 'TaharezLook/MultiLineEditbox' using base type 'CEGUI/MultiLineEditbox', window renderer 'Core/MultiLineEditbox' Look'N'Feel 'TaharezLook/MultiLineEditbox' and RenderEffect ''. (0x7ffe49293220)
21/10/2016 15:13:10 (Std) 	Creating falagard mapping for type 'TaharezLook/Menubar' using base type 'CEGUI/Menubar', window renderer 'Core/Menubar' Look'N'Feel 'TaharezLook/Menubar' and RenderEffect ''. (0x7ffe49293220)
21/10/2016 15:13:10 (Std) 	Creating falagard mapping for type 'TaharezLook/PopupMenu' using base type 'CEGUI/PopupMenu', window renderer 'Core/PopupMenu' Look'N'Feel 'TaharezLook/PopupMenu' and RenderEffect ''. (0x7ffe49293220)
21/10/2016 15:13:10 (Std) 	Creating falagard mapping for type 'TaharezLook/MenuItem' using base type 'CEGUI/MenuItem', window renderer 'Core/MenuItem' Look'N'Feel 'TaharezLook/MenuItem' and RenderEffect ''. (0x7ffe49293220)
21/10/2016 15:13:10 (Std) 	Creating falagard mapping for type 'TaharezLook/AlternateProgressBar' using base type 'CEGUI/ProgressBar', window renderer 'Core/ProgressBar' Look'N'Feel 'TaharezLook/AltProgressBar' and RenderEffect ''. (0x7ffe49293220)
21/10/2016 15:13:10 (Std) 	Creating falagard mapping for type 'TaharezLook/ProgressBar' using base type 'CEGUI/ProgressBar', window renderer 'Core/ProgressBar' Look'N'Feel 'TaharezLook/ProgressBar' and RenderEffect ''. (0x7ffe49293220)
21/10/2016 15:13:10 (Std) 	Creating falagard mapping for type 'TaharezLook/VUMeter' using base type 'CEGUI/ProgressBar', window renderer 'Core/ProgressBar' Look'N'Feel 'TaharezLook/VUMeter' and RenderEffect ''. (0x7ffe49293220)
21/10/2016 15:13:10 (Std) 	Creating falagard mapping for type 'TaharezLook/VerticalScrollbar' using base type 'CEGUI/Scrollbar', window renderer 'Core/Scrollbar' Look'N'Feel 'TaharezLook/VerticalScrollbar' and RenderEffect ''. (0x7ffe49293220)
21/10/2016 15:13:10 (Std) 	Creating falagard mapping for type 'TaharezLook/HorizontalScrollbar' using base type 'CEGUI/Scrollbar', window renderer 'Core/Scrollbar' Look'N'Feel 'TaharezLook/HorizontalScrollbar' and RenderEffect ''. (0x7ffe49293220)
21/10/2016 15:13:10 (Std) 	Creating falagard mapping for type 'TaharezLook/VerticalScrollbarThumb' using base type 'CEGUI/Thumb', window renderer 'Core/Button' Look'N'Feel 'TaharezLook/VerticalScrollbarThumb' and RenderEffect ''. (0x7ffe49293220)
21/10/2016 15:13:10 (Std) 	Creating falagard mapping for type 'TaharezLook/HorizontalScrollbarThumb' using base type 'CEGUI/Thumb', window renderer 'Core/Button' Look'N'Feel 'TaharezLook/HorizontalScrollbarThumb' and RenderEffect ''. (0x7ffe49293220)
21/10/2016 15:13:10 (Std) 	Creating falagard mapping for type 'TaharezLook/LargeVerticalScrollbar' using base type 'CEGUI/Scrollbar', window renderer 'Core/Scrollbar' Look'N'Feel 'TaharezLook/LargeVerticalScrollbar' and RenderEffect ''. (0x7ffe49293220)
21/10/2016 15:13:10 (Std) 	Creating falagard mapping for type 'TaharezLook/LargeVerticalScrollbarThumb' using base type 'CEGUI/Thumb', window renderer 'Core/Button' Look'N'Feel 'TaharezLook/LargeVerticalScrollbarThumb' and RenderEffect ''. (0x7ffe49293220)
21/10/2016 15:13:10 (Std) 	Creating falagard mapping for type 'TaharezLook/TabButton' using base type 'CEGUI/TabButton', window renderer 'Core/TabButton' Look'N'Feel 'TaharezLook/TabButton' and RenderEffect ''. (0x7ffe49293220)
21/10/2016 15:13:10 (Std) 	Creating falagard mapping for type 'TaharezLook/TabControl' using base type 'CEGUI/TabControl', window renderer 'Core/TabControl' Look'N'Feel 'TaharezLook/TabControl' and RenderEffect ''. (0x7ffe49293220)
21/10/2016 15:13:10 (Std) 	Creating falagard mapping for type 'TaharezLook/TabContentPane' using base type 'DefaultWindow', window renderer 'Core/Default' Look'N'Feel 'TaharezLook/TabContentPane' and RenderEffect ''. (0x7ffe49293220)
21/10/2016 15:13:10 (Std) 	Creating falagard mapping for type 'TaharezLook/TabButtonPane' using base type 'DefaultWindow', window renderer 'Core/Default' Look'N'Feel 'TaharezLook/TabButtonPane' and RenderEffect ''. (0x7ffe49293220)
21/10/2016 15:13:10 (Std) 	Creating falagard mapping for type 'TaharezLook/ComboDropList' using base type 'CEGUI/ComboDropList', window renderer 'Core/Listbox' Look'N'Feel 'TaharezLook/ComboDropList' and RenderEffect ''. (0x7ffe49293220)
21/10/2016 15:13:10 (Std) 	Creating falagard mapping for type 'TaharezLook/ComboEditbox' using base type 'CEGUI/Editbox', window renderer 'Core/Editbox' Look'N'Feel 'TaharezLook/ComboEditbox' and RenderEffect ''. (0x7ffe49293220)
21/10/2016 15:13:10 (Std) 	Creating falagard mapping for type 'TaharezLook/Combobox' using base type 'CEGUI/Combobox', window renderer 'Core/Default' Look'N'Feel 'TaharezLook/Combobox' and RenderEffect ''. (0x7ffe49293220)
21/10/2016 15:13:10 (Std) 	Creating falagard mapping for type 'TaharezLook/Listbox' using base type 'CEGUI/Listbox', window renderer 'Core/Listbox' Look'N'Feel 'TaharezLook/Listbox' and RenderEffect ''. (0x7ffe49293220)
21/10/2016 15:13:10 (Std) 	Creating falagard mapping for type 'TaharezLook/ListHeader' using base type 'CEGUI/ListHeader', window renderer 'Core/ListHeader' Look'N'Feel 'TaharezLook/ListHeader' and RenderEffect ''. (0x7ffe49293220)
21/10/2016 15:13:10 (Std) 	Creating falagard mapping for type 'TaharezLook/ListHeaderSegment' using base type 'CEGUI/ListHeaderSegment', window renderer 'Core/ListHeaderSegment' Look'N'Feel 'TaharezLook/ListHeaderSegment' and RenderEffect ''. (0x7ffe49293220)
21/10/2016 15:13:10 (Std) 	Creating falagard mapping for type 'TaharezLook/MultiColumnList' using base type 'CEGUI/MultiColumnList', window renderer 'Core/MultiColumnList' Look'N'Feel 'TaharezLook/MultiColumnList' and RenderEffect ''. (0x7ffe49293220)
21/10/2016 15:13:10 (Std) 	Creating falagard mapping for type 'TaharezLook/Slider' using base type 'CEGUI/Slider', window renderer 'Core/Slider' Look'N'Feel 'TaharezLook/Slider' and RenderEffect ''. (0x7ffe49293220)
21/10/2016 15:13:10 (Std) 	Creating falagard mapping for type 'TaharezLook/SliderThumb' using base type 'CEGUI/Thumb', window renderer 'Core/Button' Look'N'Feel 'TaharezLook/SliderThumb' and RenderEffect ''. (0x7ffe49293220)
21/10/2016 15:13:10 (Std) 	Creating falagard mapping for type 'TaharezLook/ScrollablePane' using base type 'CEGUI/ScrollablePane', window renderer 'Core/ScrollablePane' Look'N'Feel 'TaharezLook/ScrollablePane' and RenderEffect ''. (0x7ffe49293220)
21/10/2016 15:13:10 (Std) 	Creating falagard mapping for type 'TaharezLook/Spinner' using base type 'CEGUI/Spinner', window renderer 'Core/Default' Look'N'Feel 'TaharezLook/Spinner' and RenderEffect ''. (0x7ffe49293220)
21/10/2016 15:13:10 (Std) 	Creating falagard mapping for type 'TaharezLook/Tooltip' using base type 'CEGUI/Tooltip', window renderer 'Core/Tooltip' Look'N'Feel 'TaharezLook/Tooltip' and RenderEffect ''. (0x7ffe49293220)
21/10/2016 15:13:10 (Std) 	Creating falagard mapping for type 'TaharezLook/StaticImage' using base type 'DefaultWindow', window renderer 'Core/StaticImage' Look'N'Feel 'TaharezLook/StaticImage' and RenderEffect ''. (0x7ffe49293220)
21/10/2016 15:13:10 (Std) 	Creating falagard mapping for type 'TaharezLook/StaticText' using base type 'DefaultWindow', window renderer 'Core/StaticText' Look'N'Feel 'TaharezLook/StaticText' and RenderEffect ''. (0x7ffe49293220)
21/10/2016 15:13:10 (Std) 	Creating falagard mapping for type 'TaharezLook/ItemListbox' using base type 'CEGUI/ItemListbox', window renderer 'Core/ItemListbox' Look'N'Feel 'TaharezLook/ItemListbox' and RenderEffect ''. (0x7ffe49293220)
21/10/2016 15:13:10 (Std) 	Creating falagard mapping for type 'TaharezLook/ListboxItem' using base type 'CEGUI/ItemEntry', window renderer 'Core/ItemEntry' Look'N'Feel 'TaharezLook/ListboxItem' and RenderEffect ''. (0x7ffe49293220)
21/10/2016 15:13:10 (Std) 	Creating falagard mapping for type 'TaharezLook/GroupBox' using base type 'DefaultWindow', window renderer 'Core/Default' Look'N'Feel 'TaharezLook/GroupBox' and RenderEffect ''. (0x7ffe49293220)
21/10/2016 15:13:10 (Std) 	Creating falagard mapping for type 'TaharezLook/Tree' using base type 'CEGUI/Tree', window renderer 'Core/Tree' Look'N'Feel 'TaharezLook/Tree' and RenderEffect ''. (0x7ffe49293220)
21/10/2016 15:13:10 (Std) 	[OgreRenderer] Created texture: titlet
21/10/2016 15:13:10 (Std) 	[ImageManager] Created image: 'titlei' (0x19de290) of type: BasicImage
21/10/2016 15:13:10 (Std) 	[OgreRenderer] Created texture: scorert
21/10/2016 15:13:10 (Std) 	[ImageManager] Created image: 'scoreri' (0x19e4750) of type: BasicImage
21/10/2016 15:13:10 (Std) 	[OgreRenderer] Created texture: DejaVuSans-12_auto_glyph_images_32
21/10/2016 15:13:10 (Std) 	[OgreRenderer] Created texture: scorebt
21/10/2016 15:13:10 (Std) 	[ImageManager] Created image: 'scorebi' (0x1c1d240) of type: BasicImage
21/10/2016 15:13:10 (Std) 	[OgreRenderer] Created texture: scoregt
21/10/2016 15:13:10 (Std) 	[ImageManager] Created image: 'scoregi' (0x1c58060) of type: BasicImage
21/10/2016 15:13:10 (Std) 	[OgreRenderer] Created texture: scoreyt
21/10/2016 15:13:10 (Std) 	[ImageManager] Created image: 'scoreyi' (0x1b3a620) of type: BasicImage
21/10/2016 15:13:10 (Std) 	[OgreRenderer] Created texture: pauset
21/10/2016 15:13:10 (Std) 	[ImageManager] Created image: 'pausei' (0x1b82410) of type: BasicImage
