This file contains any messages produced by compilers while
running configure, to aid debugging if configure makes a mistake.

It was created by configure, which was
generated by GNU Autoconf 2.69.  Invocation command line was

  $ ./configure 

## --------- ##
## Platform. ##
## --------- ##

hostname = snickers
uname -m = x86_64
uname -r = 3.13.0-100-generic
uname -s = Linux
uname -v = #147-Ubuntu SMP Tue Oct 18 16:48:51 UTC 2016

/usr/bin/uname -p = unknown
/bin/uname -X     = unknown

/bin/arch              = unknown
/usr/bin/arch -k       = unknown
/usr/convex/getsysinfo = unknown
/usr/bin/hostinfo      = unknown
/bin/machine           = unknown
/usr/bin/oslevel       = unknown
/bin/universe          = unknown

PATH: /lusr/bin
PATH: /sbin
PATH: /bin
PATH: /usr/sbin
PATH: /usr/bin
PATH: /usr/games
PATH: /usr/bin/mh
PATH: /lusr/share/hosts
PATH: /lusr/bin/tex
PATH: /lusr/games/bin
PATH: /lusr/opt/condor/bin
PATH: .


## ----------- ##
## Core tests. ##
## ----------- ##

configure:2350: checking for a BSD-compatible install
configure:2418: result: /usr/bin/install -c
configure:2429: checking whether build environment is sane
configure:2484: result: yes
configure:2635: checking for a thread-safe mkdir -p
configure:2674: result: /bin/mkdir -p
configure:2681: checking for gawk
configure:2697: found /usr/bin/gawk
configure:2708: result: gawk
configure:2719: checking whether make sets $(MAKE)
configure:2741: result: yes
configure:2770: checking whether make supports nested variables
configure:2787: result: yes
configure:2981: checking for g++
configure:2997: found /usr/bin/g++
configure:3008: result: g++
configure:3035: checking for C++ compiler version
configure:3044: g++ --version >&5
g++ (Ubuntu 4.8.4-2ubuntu1~14.04.3) 4.8.4
Copyright (C) 2013 Free Software Foundation, Inc.
This is free software; see the source for copying conditions.  There is NO
warranty; not even for MERCHANTABILITY or FITNESS FOR A PARTICULAR PURPOSE.

configure:3055: $? = 0
configure:3044: g++ -v >&5
Using built-in specs.
COLLECT_GCC=g++
COLLECT_LTO_WRAPPER=/usr/lib/gcc/x86_64-linux-gnu/4.8/lto-wrapper
Target: x86_64-linux-gnu
Configured with: ../src/configure -v --with-pkgversion='Ubuntu 4.8.4-2ubuntu1~14.04.3' --with-bugurl=file:///usr/share/doc/gcc-4.8/README.Bugs --enable-languages=c,c++,java,go,d,fortran,objc,obj-c++ --prefix=/usr --program-suffix=-4.8 --enable-shared --enable-linker-build-id --libexecdir=/usr/lib --without-included-gettext --enable-threads=posix --with-gxx-include-dir=/usr/include/c++/4.8 --libdir=/usr/lib --enable-nls --with-sysroot=/ --enable-clocale=gnu --enable-libstdcxx-debug --enable-libstdcxx-time=yes --enable-gnu-unique-object --disable-libmudflap --enable-plugin --with-system-zlib --disable-browser-plugin --enable-java-awt=gtk --enable-gtk-cairo --with-java-home=/usr/lib/jvm/java-1.5.0-gcj-4.8-amd64/jre --enable-java-home --with-jvm-root-dir=/usr/lib/jvm/java-1.5.0-gcj-4.8-amd64 --with-jvm-jar-dir=/usr/lib/jvm-exports/java-1.5.0-gcj-4.8-amd64 --with-arch-directory=amd64 --with-ecj-jar=/usr/share/java/eclipse-ecj.jar --enable-objc-gc --enable-multiarch --disable-werror --with-arch-32=i686 --with-abi=m64 --with-multilib-list=m32,m64,mx32 --with-tune=generic --enable-checking=release --build=x86_64-linux-gnu --host=x86_64-linux-gnu --target=x86_64-linux-gnu
Thread model: posix
gcc version 4.8.4 (Ubuntu 4.8.4-2ubuntu1~14.04.3) 
configure:3055: $? = 0
configure:3044: g++ -V >&5
g++: error: unrecognized command line option '-V'
g++: fatal error: no input files
compilation terminated.
configure:3055: $? = 4
configure:3044: g++ -qversion >&5
g++: error: unrecognized command line option '-qversion'
g++: fatal error: no input files
compilation terminated.
configure:3055: $? = 4
configure:3075: checking whether the C++ compiler works
configure:3097: g++    conftest.cpp  >&5
configure:3101: $? = 0
configure:3149: result: yes
configure:3152: checking for C++ compiler default output file name
configure:3154: result: a.out
configure:3160: checking for suffix of executables
configure:3167: g++ -o conftest    conftest.cpp  >&5
configure:3171: $? = 0
configure:3193: result: 
configure:3215: checking whether we are cross compiling
configure:3223: g++ -o conftest    conftest.cpp  >&5
configure:3227: $? = 0
configure:3234: ./conftest
configure:3238: $? = 0
configure:3253: result: no
configure:3258: checking for suffix of object files
configure:3280: g++ -c   conftest.cpp >&5
configure:3284: $? = 0
configure:3305: result: o
configure:3309: checking whether we are using the GNU C++ compiler
configure:3328: g++ -c   conftest.cpp >&5
configure:3328: $? = 0
configure:3337: result: yes
configure:3346: checking whether g++ accepts -g
configure:3366: g++ -c -g  conftest.cpp >&5
configure:3366: $? = 0
configure:3407: result: yes
configure:3441: checking for style of include used by make
configure:3469: result: GNU
configure:3495: checking dependency style of g++
configure:3606: result: gcc3
configure:3650: checking build system type
configure:3664: result: x86_64-unknown-linux-gnu
configure:3684: checking host system type
configure:3697: result: x86_64-unknown-linux-gnu
configure:3738: checking how to print strings
configure:3765: result: printf
configure:3834: checking for gcc
configure:3850: found /usr/bin/gcc
configure:3861: result: gcc
configure:4090: checking for C compiler version
configure:4099: gcc --version >&5
gcc (Ubuntu 4.8.4-2ubuntu1~14.04.3) 4.8.4
Copyright (C) 2013 Free Software Foundation, Inc.
This is free software; see the source for copying conditions.  There is NO
warranty; not even for MERCHANTABILITY or FITNESS FOR A PARTICULAR PURPOSE.

configure:4110: $? = 0
configure:4099: gcc -v >&5
Using built-in specs.
COLLECT_GCC=gcc
COLLECT_LTO_WRAPPER=/usr/lib/gcc/x86_64-linux-gnu/4.8/lto-wrapper
Target: x86_64-linux-gnu
Configured with: ../src/configure -v --with-pkgversion='Ubuntu 4.8.4-2ubuntu1~14.04.3' --with-bugurl=file:///usr/share/doc/gcc-4.8/README.Bugs --enable-languages=c,c++,java,go,d,fortran,objc,obj-c++ --prefix=/usr --program-suffix=-4.8 --enable-shared --enable-linker-build-id --libexecdir=/usr/lib --without-included-gettext --enable-threads=posix --with-gxx-include-dir=/usr/include/c++/4.8 --libdir=/usr/lib --enable-nls --with-sysroot=/ --enable-clocale=gnu --enable-libstdcxx-debug --enable-libstdcxx-time=yes --enable-gnu-unique-object --disable-libmudflap --enable-plugin --with-system-zlib --disable-browser-plugin --enable-java-awt=gtk --enable-gtk-cairo --with-java-home=/usr/lib/jvm/java-1.5.0-gcj-4.8-amd64/jre --enable-java-home --with-jvm-root-dir=/usr/lib/jvm/java-1.5.0-gcj-4.8-amd64 --with-jvm-jar-dir=/usr/lib/jvm-exports/java-1.5.0-gcj-4.8-amd64 --with-arch-directory=amd64 --with-ecj-jar=/usr/share/java/eclipse-ecj.jar --enable-objc-gc --enable-multiarch --disable-werror --with-arch-32=i686 --with-abi=m64 --with-multilib-list=m32,m64,mx32 --with-tune=generic --enable-checking=release --build=x86_64-linux-gnu --host=x86_64-linux-gnu --target=x86_64-linux-gnu
Thread model: posix
gcc version 4.8.4 (Ubuntu 4.8.4-2ubuntu1~14.04.3) 
configure:4110: $? = 0
configure:4099: gcc -V >&5
gcc: error: unrecognized command line option '-V'
gcc: fatal error: no input files
compilation terminated.
configure:4110: $? = 4
configure:4099: gcc -qversion >&5
gcc: error: unrecognized command line option '-qversion'
gcc: fatal error: no input files
compilation terminated.
configure:4110: $? = 4
configure:4114: checking whether we are using the GNU C compiler
configure:4133: gcc -c   conftest.c >&5
configure:4133: $? = 0
configure:4142: result: yes
configure:4151: checking whether gcc accepts -g
configure:4171: gcc -c -g  conftest.c >&5
configure:4171: $? = 0
configure:4212: result: yes
configure:4229: checking for gcc option to accept ISO C89
configure:4292: gcc  -c -g -O2  conftest.c >&5
configure:4292: $? = 0
configure:4305: result: none needed
configure:4330: checking whether gcc understands -c and -o together
configure:4352: gcc -c conftest.c -o conftest2.o
configure:4355: $? = 0
configure:4352: gcc -c conftest.c -o conftest2.o
configure:4355: $? = 0
configure:4367: result: yes
configure:4386: checking dependency style of gcc
configure:4497: result: gcc3
configure:4512: checking for a sed that does not truncate output
configure:4576: result: /bin/sed
configure:4594: checking for grep that handles long lines and -e
configure:4652: result: /bin/grep
configure:4657: checking for egrep
configure:4719: result: /bin/grep -E
configure:4724: checking for fgrep
configure:4786: result: /bin/grep -F
configure:4821: checking for ld used by gcc
configure:4888: result: /usr/bin/ld
configure:4895: checking if the linker (/usr/bin/ld) is GNU ld
configure:4910: result: yes
configure:4922: checking for BSD- or MS-compatible name lister (nm)
configure:4971: result: /usr/bin/nm -B
configure:5101: checking the name lister (/usr/bin/nm -B) interface
configure:5108: g++ -c -g -O2  conftest.cpp >&5
configure:5111: /usr/bin/nm -B "conftest.o"
configure:5114: output
0000000000000000 B some_variable
configure:5121: result: BSD nm
configure:5124: checking whether ln -s works
configure:5128: result: yes
configure:5136: checking the maximum length of command line arguments
configure:5267: result: 1572864
configure:5284: checking whether the shell understands some XSI constructs
configure:5294: result: yes
configure:5298: checking whether the shell understands "+="
configure:5304: result: yes
configure:5339: checking how to convert x86_64-unknown-linux-gnu file names to x86_64-unknown-linux-gnu format
configure:5379: result: func_convert_file_noop
configure:5386: checking how to convert x86_64-unknown-linux-gnu file names to toolchain format
configure:5406: result: func_convert_file_noop
configure:5413: checking for /usr/bin/ld option to reload object files
configure:5420: result: -r
configure:5494: checking for objdump
configure:5510: found /usr/bin/objdump
configure:5521: result: objdump
configure:5553: checking how to recognize dependent libraries
configure:5751: result: pass_all
configure:5836: checking for dlltool
configure:5866: result: no
configure:5896: checking how to associate runtime and link libraries
configure:5923: result: printf %s\n
configure:5984: checking for ar
configure:6000: found /usr/bin/ar
configure:6011: result: ar
configure:6048: checking for archiver @FILE support
configure:6065: g++ -c -g -O2  conftest.cpp >&5
configure:6065: $? = 0
configure:6068: ar cru libconftest.a @conftest.lst >&5
configure:6071: $? = 0
configure:6076: ar cru libconftest.a @conftest.lst >&5
ar: conftest.o: No such file or directory
configure:6079: $? = 1
configure:6091: result: @
configure:6149: checking for strip
configure:6165: found /usr/bin/strip
configure:6176: result: strip
configure:6248: checking for ranlib
configure:6264: found /usr/bin/ranlib
configure:6275: result: ranlib
configure:6377: checking command to parse /usr/bin/nm -B output from gcc object
configure:6497: g++ -c -g -O2  conftest.cpp >&5
configure:6500: $? = 0
configure:6504: /usr/bin/nm -B conftest.o \| sed -n -e 's/^.*[ ]\([ABCDGIRSTW][ABCDGIRSTW]*\)[ ][ ]*\([_A-Za-z][_A-Za-z0-9]*\)$/\1 \2 \2/p' | sed '/ __gnu_lto/d' \> conftest.nm
configure:6507: $? = 0
configure:6573: g++ -o conftest -g -O2   conftest.cpp conftstm.o >&5
configure:6576: $? = 0
configure:6614: result: ok
configure:6651: checking for sysroot
configure:6681: result: no
configure:6759: g++ -c -g -O2  conftest.cpp >&5
configure:6762: $? = 0
configure:6951: checking for mt
configure:6967: found /bin/mt
configure:6978: result: mt
configure:7001: checking if mt is a manifest tool
configure:7007: mt '-?'
configure:7015: result: no
configure:7657: checking how to run the C preprocessor
configure:7688: gcc -E  conftest.c
configure:7688: $? = 0
configure:7702: gcc -E  conftest.c
conftest.c:11:28: fatal error: ac_nonexistent.h: No such file or directory
 #include <ac_nonexistent.h>
                            ^
compilation terminated.
configure:7702: $? = 1
configure: failed program was:
| /* confdefs.h */
| #define PACKAGE_NAME ""
| #define PACKAGE_TARNAME ""
| #define PACKAGE_VERSION ""
| #define PACKAGE_STRING ""
| #define PACKAGE_BUGREPORT ""
| #define PACKAGE_URL ""
| #define PACKAGE "BattingSimulator"
| #define VERSION "0.1"
| /* end confdefs.h.  */
| #include <ac_nonexistent.h>
configure:7727: result: gcc -E
configure:7747: gcc -E  conftest.c
configure:7747: $? = 0
configure:7761: gcc -E  conftest.c
conftest.c:11:28: fatal error: ac_nonexistent.h: No such file or directory
 #include <ac_nonexistent.h>
                            ^
compilation terminated.
configure:7761: $? = 1
configure: failed program was:
| /* confdefs.h */
| #define PACKAGE_NAME ""
| #define PACKAGE_TARNAME ""
| #define PACKAGE_VERSION ""
| #define PACKAGE_STRING ""
| #define PACKAGE_BUGREPORT ""
| #define PACKAGE_URL ""
| #define PACKAGE "BattingSimulator"
| #define VERSION "0.1"
| /* end confdefs.h.  */
| #include <ac_nonexistent.h>
configure:7790: checking for ANSI C header files
configure:7810: gcc -c -g -O2  conftest.c >&5
configure:7810: $? = 0
configure:7883: gcc -o conftest -g -O2   conftest.c  >&5
configure:7883: $? = 0
configure:7883: ./conftest
configure:7883: $? = 0
configure:7894: result: yes
configure:7907: checking for sys/types.h
configure:7907: gcc -c -g -O2  conftest.c >&5
configure:7907: $? = 0
configure:7907: result: yes
configure:7907: checking for sys/stat.h
configure:7907: gcc -c -g -O2  conftest.c >&5
configure:7907: $? = 0
configure:7907: result: yes
configure:7907: checking for stdlib.h
configure:7907: gcc -c -g -O2  conftest.c >&5
configure:7907: $? = 0
configure:7907: result: yes
configure:7907: checking for string.h
configure:7907: gcc -c -g -O2  conftest.c >&5
configure:7907: $? = 0
configure:7907: result: yes
configure:7907: checking for memory.h
configure:7907: gcc -c -g -O2  conftest.c >&5
configure:7907: $? = 0
configure:7907: result: yes
configure:7907: checking for strings.h
configure:7907: gcc -c -g -O2  conftest.c >&5
configure:7907: $? = 0
configure:7907: result: yes
configure:7907: checking for inttypes.h
configure:7907: gcc -c -g -O2  conftest.c >&5
configure:7907: $? = 0
configure:7907: result: yes
configure:7907: checking for stdint.h
configure:7907: gcc -c -g -O2  conftest.c >&5
configure:7907: $? = 0
configure:7907: result: yes
configure:7907: checking for unistd.h
configure:7907: gcc -c -g -O2  conftest.c >&5
configure:7907: $? = 0
configure:7907: result: yes
configure:7921: checking for dlfcn.h
configure:7921: gcc -c -g -O2  conftest.c >&5
configure:7921: $? = 0
configure:7921: result: yes
configure:8137: checking for objdir
configure:8152: result: .libs
configure:8423: checking if gcc supports -fno-rtti -fno-exceptions
configure:8441: gcc -c -g -O2  -fno-rtti -fno-exceptions conftest.c >&5
cc1: warning: command line option '-fno-rtti' is valid for C++/ObjC++ but not for C [enabled by default]
configure:8445: $? = 0
configure:8458: result: no
configure:8785: checking for gcc option to produce PIC
configure:8792: result: -fPIC -DPIC
configure:8800: checking if gcc PIC flag -fPIC -DPIC works
configure:8818: gcc -c -g -O2  -fPIC -DPIC -DPIC conftest.c >&5
configure:8822: $? = 0
configure:8835: result: yes
configure:8864: checking if gcc static flag -static works
configure:8892: result: yes
configure:8907: checking if gcc supports -c -o file.o
configure:8928: gcc -c -g -O2  -o out/conftest2.o conftest.c >&5
configure:8932: $? = 0
configure:8954: result: yes
configure:8962: checking if gcc supports -c -o file.o
configure:9009: result: yes
configure:9042: checking whether the gcc linker (/usr/bin/ld -m elf_x86_64) supports shared libraries
configure:10199: result: yes
configure:10236: checking whether -lc should be explicitly linked in
configure:10244: gcc -c -g -O2  conftest.c >&5
configure:10247: $? = 0
configure:10262: gcc -shared  -fPIC -DPIC conftest.o  -v -Wl,-soname -Wl,conftest -o conftest 2\>\&1 \| /bin/grep  -lc  \>/dev/null 2\>\&1
configure:10265: $? = 0
configure:10279: result: no
configure:10439: checking dynamic linker characteristics
configure:10939: gcc -o conftest -g -O2   -Wl,-rpath -Wl,/foo conftest.c  >&5
configure:10939: $? = 0
configure:11173: result: GNU/Linux ld.so
configure:11280: checking how to hardcode library paths into programs
configure:11305: result: immediate
configure:11845: checking whether stripping libraries is possible
configure:11850: result: yes
configure:11885: checking if libtool supports shared libraries
configure:11887: result: yes
configure:11890: checking whether to build shared libraries
configure:11911: result: yes
configure:11914: checking whether to build static libraries
configure:11918: result: yes
configure:11941: checking how to run the C++ preprocessor
configure:11968: g++ -E  conftest.cpp
configure:11968: $? = 0
configure:11982: g++ -E  conftest.cpp
conftest.cpp:23:28: fatal error: ac_nonexistent.h: No such file or directory
 #include <ac_nonexistent.h>
                            ^
compilation terminated.
configure:11982: $? = 1
configure: failed program was:
| /* confdefs.h */
| #define PACKAGE_NAME ""
| #define PACKAGE_TARNAME ""
| #define PACKAGE_VERSION ""
| #define PACKAGE_STRING ""
| #define PACKAGE_BUGREPORT ""
| #define PACKAGE_URL ""
| #define PACKAGE "BattingSimulator"
| #define VERSION "0.1"
| #define STDC_HEADERS 1
| #define HAVE_SYS_TYPES_H 1
| #define HAVE_SYS_STAT_H 1
| #define HAVE_STDLIB_H 1
| #define HAVE_STRING_H 1
| #define HAVE_MEMORY_H 1
| #define HAVE_STRINGS_H 1
| #define HAVE_INTTYPES_H 1
| #define HAVE_STDINT_H 1
| #define HAVE_UNISTD_H 1
| #define HAVE_DLFCN_H 1
| #define LT_OBJDIR ".libs/"
| /* end confdefs.h.  */
| #include <ac_nonexistent.h>
configure:12007: result: g++ -E
configure:12027: g++ -E  conftest.cpp
configure:12027: $? = 0
configure:12041: g++ -E  conftest.cpp
conftest.cpp:23:28: fatal error: ac_nonexistent.h: No such file or directory
 #include <ac_nonexistent.h>
                            ^
compilation terminated.
configure:12041: $? = 1
configure: failed program was:
| /* confdefs.h */
| #define PACKAGE_NAME ""
| #define PACKAGE_TARNAME ""
| #define PACKAGE_VERSION ""
| #define PACKAGE_STRING ""
| #define PACKAGE_BUGREPORT ""
| #define PACKAGE_URL ""
| #define PACKAGE "BattingSimulator"
| #define VERSION "0.1"
| #define STDC_HEADERS 1
| #define HAVE_SYS_TYPES_H 1
| #define HAVE_SYS_STAT_H 1
| #define HAVE_STDLIB_H 1
| #define HAVE_STRING_H 1
| #define HAVE_MEMORY_H 1
| #define HAVE_STRINGS_H 1
| #define HAVE_INTTYPES_H 1
| #define HAVE_STDINT_H 1
| #define HAVE_UNISTD_H 1
| #define HAVE_DLFCN_H 1
| #define LT_OBJDIR ".libs/"
| /* end confdefs.h.  */
| #include <ac_nonexistent.h>
configure:12210: checking for ld used by g++
configure:12277: result: /usr/bin/ld -m elf_x86_64
configure:12284: checking if the linker (/usr/bin/ld -m elf_x86_64) is GNU ld
configure:12299: result: yes
configure:12354: checking whether the g++ linker (/usr/bin/ld -m elf_x86_64) supports shared libraries
configure:13356: result: yes
configure:13392: g++ -c -g -O2  conftest.cpp >&5
configure:13395: $? = 0
configure:13915: checking for g++ option to produce PIC
configure:13922: result: -fPIC -DPIC
configure:13930: checking if g++ PIC flag -fPIC -DPIC works
configure:13948: g++ -c -g -O2  -fPIC -DPIC -DPIC conftest.cpp >&5
configure:13952: $? = 0
configure:13965: result: yes
configure:13988: checking if g++ static flag -static works
configure:14016: result: yes
configure:14028: checking if g++ supports -c -o file.o
configure:14049: g++ -c -g -O2  -o out/conftest2.o conftest.cpp >&5
configure:14053: $? = 0
configure:14075: result: yes
configure:14080: checking if g++ supports -c -o file.o
configure:14127: result: yes
configure:14157: checking whether the g++ linker (/usr/bin/ld -m elf_x86_64) supports shared libraries
configure:14196: result: yes
configure:14337: checking dynamic linker characteristics
configure:15005: result: GNU/Linux ld.so
configure:15058: checking how to hardcode library paths into programs
configure:15083: result: immediate
configure:15199: checking for pkg-config
configure:15217: found /usr/bin/pkg-config
configure:15229: result: /usr/bin/pkg-config
configure:15254: checking pkg-config is at least version 0.9.0
configure:15257: result: yes
configure:15267: checking for OGRE
configure:15274: $PKG_CONFIG --exists --print-errors "OGRE >= 1.2 OGRE-Terrain >= 1.7.1"
configure:15277: $? = 0
configure:15291: $PKG_CONFIG --exists --print-errors "OGRE >= 1.2 OGRE-Terrain >= 1.7.1"
configure:15294: $? = 0
configure:15352: result: yes
configure:15361: checking for OIS
configure:15368: $PKG_CONFIG --exists --print-errors "OIS >= 1.0"
configure:15371: $? = 0
configure:15385: $PKG_CONFIG --exists --print-errors "OIS >= 1.0"
configure:15388: $? = 0
configure:15446: result: yes
configure:15455: checking for bullet
configure:15462: $PKG_CONFIG --exists --print-errors "bullet >= 2.79"
configure:15465: $? = 0
configure:15479: $PKG_CONFIG --exists --print-errors "bullet >= 2.79"
configure:15482: $? = 0
configure:15540: result: yes
configure:15549: checking for SDL
configure:15556: $PKG_CONFIG --exists --print-errors "sdl >= 1.2"
configure:15559: $? = 0
configure:15573: $PKG_CONFIG --exists --print-errors "sdl >= 1.2"
configure:15576: $? = 0
configure:15634: result: yes
configure:15643: checking for CEGUI
configure:15650: $PKG_CONFIG --exists --print-errors "CEGUI-0 >= 0.8"
configure:15653: $? = 0
configure:15667: $PKG_CONFIG --exists --print-errors "CEGUI-0 >= 0.8"
configure:15670: $? = 0
configure:15728: result: yes
configure:15737: checking for CEGUI_OGRE
configure:15744: $PKG_CONFIG --exists --print-errors "CEGUI-0-OGRE >= 0.7"
configure:15747: $? = 0
configure:15761: $PKG_CONFIG --exists --print-errors "CEGUI-0-OGRE >= 0.7"
configure:15764: $? = 0
configure:15822: result: yes
configure:15831: checking for SDL_MIXER
configure:15838: $PKG_CONFIG --exists --print-errors "SDL_mixer"
configure:15841: $? = 0
configure:15855: $PKG_CONFIG --exists --print-errors "SDL_mixer"
configure:15858: $? = 0
configure:15916: result: yes
configure:16033: checking that generated files are newer than configure
configure:16039: result: done
configure:16066: creating ./config.status

## ---------------------- ##
## Running config.status. ##
## ---------------------- ##

This file was extended by config.status, which was
generated by GNU Autoconf 2.69.  Invocation command line was

  CONFIG_FILES    = 
  CONFIG_HEADERS  = 
  CONFIG_LINKS    = 
  CONFIG_COMMANDS = 
  $ ./config.status 

on snickers

config.status:1163: creating Makefile
config.status:1163: creating config.h
config.status:1344: config.h is unchanged
config.status:1392: executing depfiles commands
config.status:1392: executing libtool commands

## ---------------- ##
## Cache variables. ##
## ---------------- ##

ac_cv_build=x86_64-unknown-linux-gnu
ac_cv_c_compiler_gnu=yes
ac_cv_cxx_compiler_gnu=yes
ac_cv_env_CCC_set=
ac_cv_env_CCC_value=
ac_cv_env_CC_set=
ac_cv_env_CC_value=
ac_cv_env_CEGUI_CFLAGS_set=
ac_cv_env_CEGUI_CFLAGS_value=
ac_cv_env_CEGUI_LIBS_set=
ac_cv_env_CEGUI_LIBS_value=
ac_cv_env_CEGUI_OGRE_CFLAGS_set=
ac_cv_env_CEGUI_OGRE_CFLAGS_value=
ac_cv_env_CEGUI_OGRE_LIBS_set=
ac_cv_env_CEGUI_OGRE_LIBS_value=
ac_cv_env_CFLAGS_set=
ac_cv_env_CFLAGS_value=
ac_cv_env_CPPFLAGS_set=
ac_cv_env_CPPFLAGS_value=
ac_cv_env_CPP_set=
ac_cv_env_CPP_value=
ac_cv_env_CXXCPP_set=
ac_cv_env_CXXCPP_value=
ac_cv_env_CXXFLAGS_set=
ac_cv_env_CXXFLAGS_value=
ac_cv_env_CXX_set=
ac_cv_env_CXX_value=
ac_cv_env_LDFLAGS_set=
ac_cv_env_LDFLAGS_value=
ac_cv_env_LIBS_set=
ac_cv_env_LIBS_value=
ac_cv_env_OGRE_CFLAGS_set=
ac_cv_env_OGRE_CFLAGS_value=
ac_cv_env_OGRE_LIBS_set=
ac_cv_env_OGRE_LIBS_value=
ac_cv_env_OIS_CFLAGS_set=
ac_cv_env_OIS_CFLAGS_value=
ac_cv_env_OIS_LIBS_set=
ac_cv_env_OIS_LIBS_value=
ac_cv_env_PKG_CONFIG_LIBDIR_set=
ac_cv_env_PKG_CONFIG_LIBDIR_value=
ac_cv_env_PKG_CONFIG_PATH_set=set
ac_cv_env_PKG_CONFIG_PATH_value=/lusr/opt/bullet-2.79/lib/pkgconfig
ac_cv_env_PKG_CONFIG_set=
ac_cv_env_PKG_CONFIG_value=
ac_cv_env_SDL_CFLAGS_set=
ac_cv_env_SDL_CFLAGS_value=
ac_cv_env_SDL_LIBS_set=
ac_cv_env_SDL_LIBS_value=
ac_cv_env_SDL_MIXER_CFLAGS_set=
ac_cv_env_SDL_MIXER_CFLAGS_value=
ac_cv_env_SDL_MIXER_LIBS_set=
ac_cv_env_SDL_MIXER_LIBS_value=
ac_cv_env_build_alias_set=
ac_cv_env_build_alias_value=
ac_cv_env_bullet_CFLAGS_set=
ac_cv_env_bullet_CFLAGS_value=
ac_cv_env_bullet_LIBS_set=
ac_cv_env_bullet_LIBS_value=
ac_cv_env_host_alias_set=
ac_cv_env_host_alias_value=
ac_cv_env_target_alias_set=
ac_cv_env_target_alias_value=
ac_cv_header_dlfcn_h=yes
ac_cv_header_inttypes_h=yes
ac_cv_header_memory_h=yes
ac_cv_header_stdc=yes
ac_cv_header_stdint_h=yes
ac_cv_header_stdlib_h=yes
ac_cv_header_string_h=yes
ac_cv_header_strings_h=yes
ac_cv_header_sys_stat_h=yes
ac_cv_header_sys_types_h=yes
ac_cv_header_unistd_h=yes
ac_cv_host=x86_64-unknown-linux-gnu
ac_cv_objext=o
ac_cv_path_EGREP='/bin/grep -E'
ac_cv_path_FGREP='/bin/grep -F'
ac_cv_path_GREP=/bin/grep
ac_cv_path_SED=/bin/sed
ac_cv_path_ac_pt_PKG_CONFIG=/usr/bin/pkg-config
ac_cv_path_install='/usr/bin/install -c'
ac_cv_path_mkdir=/bin/mkdir
ac_cv_prog_AWK=gawk
ac_cv_prog_CPP='gcc -E'
ac_cv_prog_CXXCPP='g++ -E'
ac_cv_prog_ac_ct_AR=ar
ac_cv_prog_ac_ct_CC=gcc
ac_cv_prog_ac_ct_CXX=g++
ac_cv_prog_ac_ct_MANIFEST_TOOL=mt
ac_cv_prog_ac_ct_OBJDUMP=objdump
ac_cv_prog_ac_ct_RANLIB=ranlib
ac_cv_prog_ac_ct_STRIP=strip
ac_cv_prog_cc_c89=
ac_cv_prog_cc_g=yes
ac_cv_prog_cxx_g=yes
ac_cv_prog_make_make_set=yes
am_cv_CC_dependencies_compiler_type=gcc3
am_cv_CXX_dependencies_compiler_type=gcc3
am_cv_make_support_nested_variables=yes
am_cv_prog_cc_c_o=yes
lt_cv_ar_at_file=@
lt_cv_archive_cmds_need_lc=no
lt_cv_deplibs_check_method=pass_all
lt_cv_file_magic_cmd='$MAGIC_CMD'
lt_cv_file_magic_test_file=
lt_cv_ld_reload_flag=-r
lt_cv_nm_interface='BSD nm'
lt_cv_objdir=.libs
lt_cv_path_LD=/usr/bin/ld
lt_cv_path_LDCXX='/usr/bin/ld -m elf_x86_64'
lt_cv_path_NM='/usr/bin/nm -B'
lt_cv_path_mainfest_tool=no
lt_cv_prog_compiler_c_o=yes
lt_cv_prog_compiler_c_o_CXX=yes
lt_cv_prog_compiler_pic='-fPIC -DPIC'
lt_cv_prog_compiler_pic_CXX='-fPIC -DPIC'
lt_cv_prog_compiler_pic_works=yes
lt_cv_prog_compiler_pic_works_CXX=yes
lt_cv_prog_compiler_rtti_exceptions=no
lt_cv_prog_compiler_static_works=yes
lt_cv_prog_compiler_static_works_CXX=yes
lt_cv_prog_gnu_ld=yes
lt_cv_prog_gnu_ldcxx=yes
lt_cv_sharedlib_from_linklib_cmd='printf %s\n'
lt_cv_shlibpath_overrides_runpath=no
lt_cv_sys_global_symbol_pipe='sed -n -e '\''s/^.*[	 ]\([ABCDGIRSTW][ABCDGIRSTW]*\)[	 ][	 ]*\([_A-Za-z][_A-Za-z0-9]*\)$/\1 \2 \2/p'\'' | sed '\''/ __gnu_lto/d'\'''
lt_cv_sys_global_symbol_to_c_name_address='sed -n -e '\''s/^: \([^ ]*\)[ ]*$/  {\"\1\", (void *) 0},/p'\'' -e '\''s/^[ABCDGIRSTW]* \([^ ]*\) \([^ ]*\)$/  {"\2", (void *) \&\2},/p'\'''
lt_cv_sys_global_symbol_to_c_name_address_lib_prefix='sed -n -e '\''s/^: \([^ ]*\)[ ]*$/  {\"\1\", (void *) 0},/p'\'' -e '\''s/^[ABCDGIRSTW]* \([^ ]*\) \(lib[^ ]*\)$/  {"\2", (void *) \&\2},/p'\'' -e '\''s/^[ABCDGIRSTW]* \([^ ]*\) \([^ ]*\)$/  {"lib\2", (void *) \&\2},/p'\'''
lt_cv_sys_global_symbol_to_cdecl='sed -n -e '\''s/^T .* \(.*\)$/extern int \1();/p'\'' -e '\''s/^[ABCDGIRSTW]* .* \(.*\)$/extern char \1;/p'\'''
lt_cv_sys_max_cmd_len=1572864
lt_cv_to_host_file_cmd=func_convert_file_noop
lt_cv_to_tool_file_cmd=func_convert_file_noop
pkg_cv_CEGUI_CFLAGS='-I/lusr/opt/cegui-0.8.4/include/cegui-0  '
pkg_cv_CEGUI_LIBS='-L/lusr/opt/cegui-0.8.4/lib -lCEGUIBase-0  '
pkg_cv_CEGUI_OGRE_CFLAGS='-pthread -I/lusr/opt/ogre-1.9/include -I/lusr/opt/ogre-1.9/include/OGRE -I/lusr/opt/cegui-0.8.4/include/cegui-0  '
pkg_cv_CEGUI_OGRE_LIBS='-L/lusr/opt/ogre-1.9/lib -L/lusr/opt/cegui-0.8.4/lib -lCEGUIOgreRenderer-0 -lOgreMain -lpthread -lCEGUIBase-0  '
pkg_cv_OGRE_CFLAGS='-pthread -I/lusr/opt/ogre-1.9/include -I/lusr/opt/ogre-1.9/include/OGRE -I/lusr/opt/ogre-1.9/include/OGRE/Terrain -I/lusr/opt/ogre-1.9/include/OGRE/Paging  '
pkg_cv_OGRE_LIBS='-L/lusr/opt/ogre-1.9/lib -lOgreTerrain -lOgrePaging -lOgreMain -lpthread  '
pkg_cv_OIS_CFLAGS='-I/usr/include/ois  '
pkg_cv_OIS_LIBS='-lOIS  '
pkg_cv_SDL_CFLAGS='-D_GNU_SOURCE=1 -D_REENTRANT -I/usr/include/SDL  '
pkg_cv_SDL_LIBS='-lSDL  '
pkg_cv_SDL_MIXER_CFLAGS='-D_GNU_SOURCE=1 -D_REENTRANT -I/usr/include/SDL  '
pkg_cv_SDL_MIXER_LIBS='-lSDL_mixer -lSDL  '
pkg_cv_bullet_CFLAGS='-I/usr/include/bullet  '
pkg_cv_bullet_LIBS='-lBulletSoftBody -lBulletDynamics -lBulletCollision -lLinearMath  '

## ----------------- ##
## Output variables. ##
## ----------------- ##

ACLOCAL='${SHELL} /v/filer4b/v38q001/jbourque/cs354r-project2/missing aclocal-1.14'
AMDEPBACKSLASH='\'
AMDEP_FALSE='#'
AMDEP_TRUE=''
AMTAR='$${TAR-tar}'
AM_BACKSLASH='\'
AM_DEFAULT_V='$(AM_DEFAULT_VERBOSITY)'
AM_DEFAULT_VERBOSITY='1'
AM_V='$(V)'
AR='ar'
AUTOCONF='${SHELL} /v/filer4b/v38q001/jbourque/cs354r-project2/missing autoconf'
AUTOHEADER='${SHELL} /v/filer4b/v38q001/jbourque/cs354r-project2/missing autoheader'
AUTOMAKE='${SHELL} /v/filer4b/v38q001/jbourque/cs354r-project2/missing automake-1.14'
AWK='gawk'
BULLET_CFLAGS=''
BULLET_LIBS=''
CC='gcc'
CCDEPMODE='depmode=gcc3'
CEGUI_CFLAGS='-I/lusr/opt/cegui-0.8.4/include/cegui-0  '
CEGUI_LIBS='-L/lusr/opt/cegui-0.8.4/lib -lCEGUIBase-0  '
CEGUI_OGRE_CFLAGS='-pthread -I/lusr/opt/ogre-1.9/include -I/lusr/opt/ogre-1.9/include/OGRE -I/lusr/opt/cegui-0.8.4/include/cegui-0  '
CEGUI_OGRE_LIBS='-L/lusr/opt/ogre-1.9/lib -L/lusr/opt/cegui-0.8.4/lib -lCEGUIOgreRenderer-0 -lOgreMain -lpthread -lCEGUIBase-0  '
CFLAGS='-g -O2'
CPP='gcc -E'
CPPFLAGS=''
CXX='g++'
CXXCPP='g++ -E'
CXXDEPMODE='depmode=gcc3'
CXXFLAGS='-g -O2'
CYGPATH_W='echo'
DEFS='-DHAVE_CONFIG_H'
DEPDIR='.deps'
DLLTOOL='false'
DSYMUTIL=''
DUMPBIN=''
ECHO_C=''
ECHO_N='-n'
ECHO_T=''
EGREP='/bin/grep -E'
EXEEXT=''
FGREP='/bin/grep -F'
GREP='/bin/grep'
INSTALL_DATA='${INSTALL} -m 644'
INSTALL_PROGRAM='${INSTALL}'
INSTALL_SCRIPT='${INSTALL}'
INSTALL_STRIP_PROGRAM='$(install_sh) -c -s'
LD='/usr/bin/ld -m elf_x86_64'
LDFLAGS=''
LIBOBJS=''
LIBS=''
LIBTOOL='$(SHELL) $(top_builddir)/libtool'
LIPO=''
LN_S='ln -s'
LTLIBOBJS=''
MAKEINFO='${SHELL} /v/filer4b/v38q001/jbourque/cs354r-project2/missing makeinfo'
MANIFEST_TOOL=':'
MKDIR_P='/bin/mkdir -p'
NM='/usr/bin/nm -B'
NMEDIT=''
OBJDUMP='objdump'
OBJEXT='o'
OGRE_CFLAGS='-pthread -I/lusr/opt/ogre-1.9/include -I/lusr/opt/ogre-1.9/include/OGRE -I/lusr/opt/ogre-1.9/include/OGRE/Terrain -I/lusr/opt/ogre-1.9/include/OGRE/Paging  '
OGRE_LIBS='-L/lusr/opt/ogre-1.9/lib -lOgreTerrain -lOgrePaging -lOgreMain -lpthread  '
OIS_CFLAGS='-I/usr/include/ois  '
OIS_LIBS='-lOIS  '
OTOOL64=''
OTOOL=''
PACKAGE='BattingSimulator'
PACKAGE_BUGREPORT=''
PACKAGE_NAME=''
PACKAGE_STRING=''
PACKAGE_TARNAME=''
PACKAGE_URL=''
PACKAGE_VERSION=''
PATH_SEPARATOR=':'
PKG_CONFIG='/usr/bin/pkg-config'
PKG_CONFIG_LIBDIR=''
PKG_CONFIG_PATH='/lusr/opt/bullet-2.79/lib/pkgconfig'
RANLIB='ranlib'
SDL_CFLAGS='-D_GNU_SOURCE=1 -D_REENTRANT -I/usr/include/SDL  '
SDL_LIBS='-lSDL  '
SDL_MIXER_CFLAGS='-D_GNU_SOURCE=1 -D_REENTRANT -I/usr/include/SDL  '
SDL_MIXER_LIBS='-lSDL_mixer -lSDL  '
SED='/bin/sed'
SET_MAKE=''
SHELL='/bin/bash'
STRIP='strip'
VERSION='0.1'
ac_ct_AR='ar'
ac_ct_CC='gcc'
ac_ct_CXX='g++'
ac_ct_DUMPBIN=''
am__EXEEXT_FALSE=''
am__EXEEXT_TRUE='#'
am__fastdepCC_FALSE='#'
am__fastdepCC_TRUE=''
am__fastdepCXX_FALSE='#'
am__fastdepCXX_TRUE=''
am__include='include'
am__isrc=''
am__leading_dot='.'
am__nodep='_no'
am__quote=''
am__tar='$${TAR-tar} chof - "$$tardir"'
am__untar='$${TAR-tar} xf -'
bindir='${exec_prefix}/bin'
build='x86_64-unknown-linux-gnu'
build_alias=''
build_cpu='x86_64'
build_os='linux-gnu'
build_vendor='unknown'
bullet_CFLAGS='-I/usr/include/bullet  '
bullet_LIBS='-lBulletSoftBody -lBulletDynamics -lBulletCollision -lLinearMath  '
datadir='${datarootdir}'
datarootdir='${prefix}/share'
docdir='${datarootdir}/doc/${PACKAGE}'
dvidir='${docdir}'
exec_prefix='${prefix}'
host='x86_64-unknown-linux-gnu'
host_alias=''
host_cpu='x86_64'
host_os='linux-gnu'
host_vendor='unknown'
htmldir='${docdir}'
includedir='${prefix}/include'
infodir='${datarootdir}/info'
install_sh='${SHELL} /v/filer4b/v38q001/jbourque/cs354r-project2/install-sh'
libdir='${exec_prefix}/lib'
libexecdir='${exec_prefix}/libexec'
localedir='${datarootdir}/locale'
localstatedir='${prefix}/var'
mandir='${datarootdir}/man'
mkdir_p='$(MKDIR_P)'
oldincludedir='/usr/include'
pdfdir='${docdir}'
prefix='/usr/local'
program_transform_name='s,x,x,'
psdir='${docdir}'
sbindir='${exec_prefix}/sbin'
sharedstatedir='${prefix}/com'
sysconfdir='${prefix}/etc'
target_alias=''

## ----------- ##
## confdefs.h. ##
## ----------- ##

/* confdefs.h */
#define PACKAGE_NAME ""
#define PACKAGE_TARNAME ""
#define PACKAGE_VERSION ""
#define PACKAGE_STRING ""
#define PACKAGE_BUGREPORT ""
#define PACKAGE_URL ""
#define PACKAGE "BattingSimulator"
#define VERSION "0.1"
#define STDC_HEADERS 1
#define HAVE_SYS_TYPES_H 1
#define HAVE_SYS_STAT_H 1
#define HAVE_STDLIB_H 1
#define HAVE_STRING_H 1
#define HAVE_MEMORY_H 1
#define HAVE_STRINGS_H 1
#define HAVE_INTTYPES_H 1
#define HAVE_STDINT_H 1
#define HAVE_UNISTD_H 1
#define HAVE_DLFCN_H 1
#define LT_OBJDIR ".libs/"

configure: exit 0

## ---------------------- ##
## Running config.status. ##
## ---------------------- ##

This file was extended by config.status, which was
generated by GNU Autoconf 2.69.  Invocation command line was

  CONFIG_FILES    = 
  CONFIG_HEADERS  = 
  CONFIG_LINKS    = 
  CONFIG_COMMANDS = 
  $ ./config.status config.h

on snickers

config.status:1163: creating config.h
config.status:1344: config.h is unchanged
